First unordered record is record 2
Records: 160000000
Checksum: 4c4a5084cc6403c
ERROR - there are 80008971 unordered records
Linux 4.15.0-91-generic (team-9-skylake-5) 	04/13/20 	_x86_64_	(48 CPU)

# Time        UID       PID    %usr %system  %guest   %wait    %CPU   CPU  minflt/s  majflt/s     VSZ     RSS   %MEM   kB_rd/s   kB_wr/s kB_ccwr/s iodelay  Command
22:07:27        0     24070    8.00   51.00    0.00    0.00   59.00     8  97156.00      0.00 8395404  391400   0.20 299008.00      0.00      0.00      40  sort

# Time        UID       PID    usr-ms system-ms  guest-ms minflt-nr majflt-nr  Command
22:07:27        0     24070        80       510         0     97156         0  sort

# Time        UID       PID    %usr %system  %guest   %wait    %CPU   CPU  minflt/s  majflt/s     VSZ     RSS   %MEM   kB_rd/s   kB_wr/s kB_ccwr/s iodelay  Command
22:07:28        0     24070    8.00   52.00    0.00    0.00   60.00     8  98870.00      0.00 8395404  786872   0.40 301824.00      0.00      0.00      40  sort

# Time        UID       PID    usr-ms system-ms  guest-ms minflt-nr majflt-nr  Command
22:07:28        0     24070        80       520         0     98870         0  sort

# Time        UID       PID    %usr %system  %guest   %wait    %CPU   CPU  minflt/s  majflt/s     VSZ     RSS   %MEM   kB_rd/s   kB_wr/s kB_ccwr/s iodelay  Command
22:07:29        0     24070    9.00   49.00    0.00    0.00   58.00    44  92938.00      0.00 8395404 1158584   0.59 280320.00      0.00      0.00      42  sort

# Time        UID       PID    usr-ms system-ms  guest-ms minflt-nr majflt-nr  Command
22:07:29        0     24070        90       490         0     92938         0  sort

# Time        UID       PID    %usr %system  %guest   %wait    %CPU   CPU  minflt/s  majflt/s     VSZ     RSS   %MEM   kB_rd/s   kB_wr/s kB_ccwr/s iodelay  Command
22:07:30        0     24070    9.00   50.00    0.00    0.00   59.00    44  95902.00      0.00 8395404 1542176   0.78 291072.00      0.00      0.00      41  sort

# Time        UID       PID    usr-ms system-ms  guest-ms minflt-nr majflt-nr  Command
22:07:30        0     24070        90       500         0     95902         0  sort

# Time        UID       PID    %usr %system  %guest   %wait    %CPU   CPU  minflt/s  majflt/s     VSZ     RSS   %MEM   kB_rd/s   kB_wr/s kB_ccwr/s iodelay  Command
22:07:31        0     24070   12.00   49.00    0.00    0.00   61.00    44  97371.00      0.00 8395404 1931576   0.98 289536.00      0.00      0.00      39  sort

# Time        UID       PID    usr-ms system-ms  guest-ms minflt-nr majflt-nr  Command
22:07:31        0     24070       120       490         0     97371         0  sort

# Time        UID       PID    %usr %system  %guest   %wait    %CPU   CPU  minflt/s  majflt/s     VSZ     RSS   %MEM   kB_rd/s   kB_wr/s kB_ccwr/s iodelay  Command
22:07:32        0     24070    9.00   50.00    0.00    0.00   59.00    44  95551.00      0.00 8395404 2313848   1.18 289536.00      0.00      0.00      40  sort

# Time        UID       PID    usr-ms system-ms  guest-ms minflt-nr majflt-nr  Command
22:07:32        0     24070        90       500         0     95551         0  sort

# Time        UID       PID    %usr %system  %guest   %wait    %CPU   CPU  minflt/s  majflt/s     VSZ     RSS   %MEM   kB_rd/s   kB_wr/s kB_ccwr/s iodelay  Command
22:07:33        0     24070   10.00   50.00    0.00    0.00   60.00    44  94349.00      0.00 8395404 2691368   1.37 287232.00      0.00      0.00      40  sort

# Time        UID       PID    usr-ms system-ms  guest-ms minflt-nr majflt-nr  Command
22:07:33        0     24070       100       500         0     94349         0  sort

# Time        UID       PID    %usr %system  %guest   %wait    %CPU   CPU  minflt/s  majflt/s     VSZ     RSS   %MEM   kB_rd/s   kB_wr/s kB_ccwr/s iodelay  Command
22:07:34        0     24070    9.00   51.00    0.00    0.00   60.00    44  94667.00      0.00 8395404 3069944   1.56 286208.00      0.00      0.00      40  sort

# Time        UID       PID    usr-ms system-ms  guest-ms minflt-nr majflt-nr  Command
22:07:34        0     24070        90       510         0     94667         0  sort

# Time        UID       PID    %usr %system  %guest   %wait    %CPU   CPU  minflt/s  majflt/s     VSZ     RSS   %MEM   kB_rd/s   kB_wr/s kB_ccwr/s iodelay  Command
22:07:35        0     24070    9.00   51.00    0.00    0.00   60.00    44  94450.00      0.00 8395404 3447728   1.75 287232.00      0.00      0.00      39  sort

# Time        UID       PID    usr-ms system-ms  guest-ms minflt-nr majflt-nr  Command
22:07:35        0     24070        90       510         0     94450         0  sort

# Time        UID       PID    %usr %system  %guest   %wait    %CPU   CPU  minflt/s  majflt/s     VSZ     RSS   %MEM   kB_rd/s   kB_wr/s kB_ccwr/s iodelay  Command
22:07:36        0     24070   10.00   52.00    0.00    0.00   62.00    44  94922.00      0.00 8395404 3827360   1.95 285952.00      0.00      0.00      38  sort

# Time        UID       PID    usr-ms system-ms  guest-ms minflt-nr majflt-nr  Command
22:07:36        0     24070       100       520         0     94922         0  sort

# Time        UID       PID    %usr %system  %guest   %wait    %CPU   CPU  minflt/s  majflt/s     VSZ     RSS   %MEM   kB_rd/s   kB_wr/s kB_ccwr/s iodelay  Command
22:07:37        0     24070   12.00   52.00    0.00    1.00   64.00    44 102482.00      0.00 8395404 4237352   2.16 309760.00      0.00      0.00      36  sort

# Time        UID       PID    usr-ms system-ms  guest-ms minflt-nr majflt-nr  Command
22:07:37        0     24070       120       520         0    102482         0  sort

# Time        UID       PID    %usr %system  %guest   %wait    %CPU   CPU  minflt/s  majflt/s     VSZ     RSS   %MEM   kB_rd/s   kB_wr/s kB_ccwr/s iodelay  Command
22:07:38        0     24070  100.00   13.00    0.00    0.00  100.00    44  79862.00      0.00 8977096 4555672   2.32  17664.00      0.00      0.00       1  sort

# Time        UID       PID    usr-ms system-ms  guest-ms minflt-nr majflt-nr  Command
22:07:38        0     24070     15080       130         0     79862         0  sort

# Time        UID       PID    %usr %system  %guest   %wait    %CPU   CPU  minflt/s  majflt/s     VSZ     RSS   %MEM   kB_rd/s   kB_wr/s kB_ccwr/s iodelay  Command
22:07:39        0     24070  100.00   50.00    0.00    0.00  100.00    44 255288.00      0.00 8977096 5125572   2.61      0.00      0.00      0.00       0  sort

# Time        UID       PID    usr-ms system-ms  guest-ms minflt-nr majflt-nr  Command
22:07:39        0     24070     14350       500         0    255288         0  sort

# Time        UID       PID    %usr %system  %guest   %wait    %CPU   CPU  minflt/s  majflt/s     VSZ     RSS   %MEM   kB_rd/s   kB_wr/s kB_ccwr/s iodelay  Command
22:07:40        0     24070  100.00  100.00    0.00    0.00  100.00    44 580819.00      0.00 9042632 5740068   2.92      0.00  52716.00      0.00       0  sort

# Time        UID       PID    usr-ms system-ms  guest-ms minflt-nr majflt-nr  Command
22:07:40        0     24070      6360      2520         0    580819         0  sort

# Time        UID       PID    %usr %system  %guest   %wait    %CPU   CPU  minflt/s  majflt/s     VSZ     RSS   %MEM   kB_rd/s   kB_wr/s kB_ccwr/s iodelay  Command
22:07:41        0     24070  100.00  100.00    0.00    0.00  100.00     4 453773.00      0.00 9042632 6009948   3.06      0.00  62360.00      0.00       0  sort

# Time        UID       PID    usr-ms system-ms  guest-ms minflt-nr majflt-nr  Command
22:07:41        0     24070      2840      2430         0    453773         0  sort

# Time        UID       PID    %usr %system  %guest   %wait    %CPU   CPU  minflt/s  majflt/s     VSZ     RSS   %MEM   kB_rd/s   kB_wr/s kB_ccwr/s iodelay  Command
22:07:42        0     24070  100.00  100.00    0.00    0.00  100.00     2 225271.00      0.00 9042632 6310608   3.21      0.00 137612.00      0.00       0  sort

# Time        UID       PID    usr-ms system-ms  guest-ms minflt-nr majflt-nr  Command
22:07:42        0     24070      2750      1200         0    225271         0  sort

# Time        UID       PID    %usr %system  %guest   %wait    %CPU   CPU  minflt/s  majflt/s     VSZ     RSS   %MEM   kB_rd/s   kB_wr/s kB_ccwr/s iodelay  Command
22:07:43        0     24070  100.00   65.00    0.00    0.00  100.00     2 101550.00      0.00 9042632 6551364   3.33      0.00 222812.00      0.00       0  sort

# Time        UID       PID    usr-ms system-ms  guest-ms minflt-nr majflt-nr  Command
22:07:43        0     24070      2360       650         0    101550         0  sort

# Time        UID       PID    %usr %system  %guest   %wait    %CPU   CPU  minflt/s  majflt/s     VSZ     RSS   %MEM   kB_rd/s   kB_wr/s kB_ccwr/s iodelay  Command
22:07:44        0     24070  100.00   68.00    0.00    0.00  100.00     2 170154.00      0.00 9042632 6965692   3.54      0.00 213768.00      0.00       0  sort

# Time        UID       PID    usr-ms system-ms  guest-ms minflt-nr majflt-nr  Command
22:07:44        0     24070      3230       680         0    170154         0  sort

# Time        UID       PID    %usr %system  %guest   %wait    %CPU   CPU  minflt/s  majflt/s     VSZ     RSS   %MEM   kB_rd/s   kB_wr/s kB_ccwr/s iodelay  Command
22:07:45        0     24070  100.00   74.00    0.00    0.00  100.00     2 347765.00      0.00 9042632 7211268   3.67      0.00 207040.00      0.00       0  sort

# Time        UID       PID    usr-ms system-ms  guest-ms minflt-nr majflt-nr  Command
22:07:45        0     24070      2310       740         0    347765         0  sort

# Time        UID       PID    %usr %system  %guest   %wait    %CPU   CPU  minflt/s  majflt/s     VSZ     RSS   %MEM   kB_rd/s   kB_wr/s kB_ccwr/s iodelay  Command
22:07:46        0     24070  100.00   59.00    0.00    0.00  100.00     4 411468.00      0.00 9042632 7376404   3.75      0.00 199472.00      0.00       0  sort

# Time        UID       PID    usr-ms system-ms  guest-ms minflt-nr majflt-nr  Command
22:07:46        0     24070      1880       590         0    411468         0  sort

# Time        UID       PID    %usr %system  %guest   %wait    %CPU   CPU  minflt/s  majflt/s     VSZ     RSS   %MEM   kB_rd/s   kB_wr/s kB_ccwr/s iodelay  Command
22:07:47        0     24070  100.00   53.00    0.00    0.00  100.00    14 274422.00      0.00 9042632 7515944   3.82      0.00 253708.00      0.00       0  sort

# Time        UID       PID    usr-ms system-ms  guest-ms minflt-nr majflt-nr  Command
22:07:47        0     24070      1750       530         0    274422         0  sort

# Time        UID       PID    %usr %system  %guest   %wait    %CPU   CPU  minflt/s  majflt/s     VSZ     RSS   %MEM   kB_rd/s   kB_wr/s kB_ccwr/s iodelay  Command
22:07:48        0     24070  100.00   37.00    0.00    0.00  100.00    14  80796.00      0.00 9042632 7693168   3.91      0.00 289024.00      0.00       0  sort

# Time        UID       PID    usr-ms system-ms  guest-ms minflt-nr majflt-nr  Command
22:07:48        0     24070      1820       370         0     80796         0  sort

# Time        UID       PID    %usr %system  %guest   %wait    %CPU   CPU  minflt/s  majflt/s     VSZ     RSS   %MEM   kB_rd/s   kB_wr/s kB_ccwr/s iodelay  Command
22:07:49        0     24070  100.00   36.00    0.00    0.00  100.00    14  73632.00      0.00 9042632 7815232   3.98      0.00 258880.00      0.00       0  sort

# Time        UID       PID    usr-ms system-ms  guest-ms minflt-nr majflt-nr  Command
22:07:49        0     24070      1410       360         0     73632         0  sort

# Time        UID       PID    %usr %system  %guest   %wait    %CPU   CPU  minflt/s  majflt/s     VSZ     RSS   %MEM   kB_rd/s   kB_wr/s kB_ccwr/s iodelay  Command
22:07:50        0     24070  100.00   54.00    0.00    0.00  100.00     1 245552.00      0.00 9042632 7916032   4.03      0.00 219584.00      0.00       0  sort

# Time        UID       PID    usr-ms system-ms  guest-ms minflt-nr majflt-nr  Command
22:07:50        0     24070      1580       540         0    245552         0  sort

# Time        UID       PID    %usr %system  %guest   %wait    %CPU   CPU  minflt/s  majflt/s     VSZ     RSS   %MEM   kB_rd/s   kB_wr/s kB_ccwr/s iodelay  Command
22:07:51        0     24070  100.00   35.00    0.00    0.00  100.00     3 154281.00      0.00 9042632 8041628   4.09      0.00 259640.00      0.00       0  sort

# Time        UID       PID    usr-ms system-ms  guest-ms minflt-nr majflt-nr  Command
22:07:51        0     24070      1430       350         0    154281         0  sort

# Time        UID       PID    %usr %system  %guest   %wait    %CPU   CPU  minflt/s  majflt/s     VSZ     RSS   %MEM   kB_rd/s   kB_wr/s kB_ccwr/s iodelay  Command
22:07:52        0     24070  100.00   27.00    0.00    0.00  100.00     3  59138.00      0.00 9042632 8132436   4.14      0.00 269800.00      0.00       0  sort

# Time        UID       PID    usr-ms system-ms  guest-ms minflt-nr majflt-nr  Command
22:07:52        0     24070      1420       270         0     59138         0  sort

# Time        UID       PID    %usr %system  %guest   %wait    %CPU   CPU  minflt/s  majflt/s     VSZ     RSS   %MEM   kB_rd/s   kB_wr/s kB_ccwr/s iodelay  Command
22:07:53        0     24070  100.00   35.00    0.00    0.00  100.00     3 119650.00      0.00 9042632 8251056   4.20      0.00 270432.00      0.00       0  sort

# Time        UID       PID    usr-ms system-ms  guest-ms minflt-nr majflt-nr  Command
22:07:53        0     24070      1430       350         0    119650         0  sort

# Time        UID       PID    %usr %system  %guest   %wait    %CPU   CPU  minflt/s  majflt/s     VSZ     RSS   %MEM   kB_rd/s   kB_wr/s kB_ccwr/s iodelay  Command
22:07:54        0     24070  100.00   31.00    0.00    0.00  100.00     3 108749.00      0.00 9042632 8387592   4.27      0.00 258948.00      0.00       0  sort

# Time        UID       PID    usr-ms system-ms  guest-ms minflt-nr majflt-nr  Command
22:07:54        0     24070      1440       310         0    108749         0  sort

# Time        UID       PID    %usr %system  %guest   %wait    %CPU   CPU  minflt/s  majflt/s     VSZ     RSS   %MEM   kB_rd/s   kB_wr/s kB_ccwr/s iodelay  Command
22:07:55        0     24070   23.00   27.00    0.00    0.00   50.00     3  21013.00      0.00 8952476 8390600   4.27 252160.00  50592.00      0.00      50  sort

# Time        UID       PID    usr-ms system-ms  guest-ms minflt-nr majflt-nr  Command
22:07:55        0     24070       230       270         0     21013         0  sort

# Time        UID       PID    %usr %system  %guest   %wait    %CPU   CPU  minflt/s  majflt/s     VSZ     RSS   %MEM   kB_rd/s   kB_wr/s kB_ccwr/s iodelay  Command
22:07:56        0     24070   11.00   30.00    0.00    0.00   41.00     3  19988.00      0.00 8952476 8390600   4.27 303104.00      0.00      0.00      59  sort

# Time        UID       PID    usr-ms system-ms  guest-ms minflt-nr majflt-nr  Command
22:07:56        0     24070       110       300         0     19988         0  sort

# Time        UID       PID    %usr %system  %guest   %wait    %CPU   CPU  minflt/s  majflt/s     VSZ     RSS   %MEM   kB_rd/s   kB_wr/s kB_ccwr/s iodelay  Command
22:07:57        0     24070    9.00   31.00    0.00    0.00   40.00     3  20036.00      0.00 8952476 8390600   4.27 303104.00      0.00      0.00      60  sort

# Time        UID       PID    usr-ms system-ms  guest-ms minflt-nr majflt-nr  Command
22:07:57        0     24070        90       310         0     20036         0  sort

# Time        UID       PID    %usr %system  %guest   %wait    %CPU   CPU  minflt/s  majflt/s     VSZ     RSS   %MEM   kB_rd/s   kB_wr/s kB_ccwr/s iodelay  Command
22:07:58        0     24070   11.00   30.00    0.00    0.00   41.00     3  25979.00      0.00 8952476 8390600   4.27 299264.00      0.00      0.00      58  sort

# Time        UID       PID    usr-ms system-ms  guest-ms minflt-nr majflt-nr  Command
22:07:58        0     24070       110       300         0     25979         0  sort

# Time        UID       PID    %usr %system  %guest   %wait    %CPU   CPU  minflt/s  majflt/s     VSZ     RSS   %MEM   kB_rd/s   kB_wr/s kB_ccwr/s iodelay  Command
22:07:59        0     24070   10.00   32.00    0.00    1.00   42.00     3  24409.00      0.00 8952476 8390600   4.27 302080.00      0.00      0.00      58  sort

# Time        UID       PID    usr-ms system-ms  guest-ms minflt-nr majflt-nr  Command
22:07:59        0     24070       100       320         0     24409         0  sort

# Time        UID       PID    %usr %system  %guest   %wait    %CPU   CPU  minflt/s  majflt/s     VSZ     RSS   %MEM   kB_rd/s   kB_wr/s kB_ccwr/s iodelay  Command
22:08:00        0     24070   15.00   31.00    0.00    0.00   46.00     3  40021.00      0.00 8952476 8390600   4.27 301824.00      0.00      0.00      55  sort

# Time        UID       PID    usr-ms system-ms  guest-ms minflt-nr majflt-nr  Command
22:08:00        0     24070       150       310         0     40021         0  sort

# Time        UID       PID    %usr %system  %guest   %wait    %CPU   CPU  minflt/s  majflt/s     VSZ     RSS   %MEM   kB_rd/s   kB_wr/s kB_ccwr/s iodelay  Command
22:08:01        0     24070   14.00   35.00    0.00    0.00   49.00     3  57947.00      0.00 8952476 8390600   4.27 298752.00      0.00      0.00      50  sort

# Time        UID       PID    usr-ms system-ms  guest-ms minflt-nr majflt-nr  Command
22:08:01        0     24070       140       350         0     57947         0  sort

# Time        UID       PID    %usr %system  %guest   %wait    %CPU   CPU  minflt/s  majflt/s     VSZ     RSS   %MEM   kB_rd/s   kB_wr/s kB_ccwr/s iodelay  Command
22:08:02        0     24070   11.00   34.00    0.00    0.00   45.00    43  39628.00      0.00 8952476 8390600   4.27 303104.00      0.00      0.00      55  sort

# Time        UID       PID    usr-ms system-ms  guest-ms minflt-nr majflt-nr  Command
22:08:02        0     24070       110       340         0     39628         0  sort

# Time        UID       PID    %usr %system  %guest   %wait    %CPU   CPU  minflt/s  majflt/s     VSZ     RSS   %MEM   kB_rd/s   kB_wr/s kB_ccwr/s iodelay  Command
22:08:03        0     24070   12.00   36.00    0.00    0.00   48.00    43  49510.00      0.00 8952476 8390600   4.27 306944.00      0.00      0.00      50  sort

# Time        UID       PID    usr-ms system-ms  guest-ms minflt-nr majflt-nr  Command
22:08:03        0     24070       120       360         0     49510         0  sort

# Time        UID       PID    %usr %system  %guest   %wait    %CPU   CPU  minflt/s  majflt/s     VSZ     RSS   %MEM   kB_rd/s   kB_wr/s kB_ccwr/s iodelay  Command
22:08:04        0     24070   11.00   35.00    0.00    0.00   46.00    43  32280.00      0.00 8952476 8390600   4.27 305664.00      0.00      0.00      55  sort

# Time        UID       PID    usr-ms system-ms  guest-ms minflt-nr majflt-nr  Command
22:08:04        0     24070       110       350         0     32280         0  sort

# Time        UID       PID    %usr %system  %guest   %wait    %CPU   CPU  minflt/s  majflt/s     VSZ     RSS   %MEM   kB_rd/s   kB_wr/s kB_ccwr/s iodelay  Command
22:08:05        0     24070  100.00   23.00    0.00    0.00  100.00     4  36375.00      0.00 9042632 8390680   4.27 250388.00      0.00      0.00      39  sort

# Time        UID       PID    usr-ms system-ms  guest-ms minflt-nr majflt-nr  Command
22:08:05        0     24070      3870       230         0     36375         0  sort

# Time        UID       PID    %usr %system  %guest   %wait    %CPU   CPU  minflt/s  majflt/s     VSZ     RSS   %MEM   kB_rd/s   kB_wr/s kB_ccwr/s iodelay  Command
22:08:06        0     24070  100.00    8.00    0.00    0.00  100.00    14  70540.00      0.00 9042632 8390688   4.27      0.00      0.00      0.00       0  sort

# Time        UID       PID    usr-ms system-ms  guest-ms minflt-nr majflt-nr  Command
22:08:06        0     24070     15930        80         0     70540         0  sort

# Time        UID       PID    %usr %system  %guest   %wait    %CPU   CPU  minflt/s  majflt/s     VSZ     RSS   %MEM   kB_rd/s   kB_wr/s kB_ccwr/s iodelay  Command
22:08:07        0     24070  100.00   50.00    0.00    0.00  100.00    14 229912.00      0.00 9042632 8390736   4.27      0.00  12612.00      0.00       0  sort

# Time        UID       PID    usr-ms system-ms  guest-ms minflt-nr majflt-nr  Command
22:08:07        0     24070     12660       500         0    229912         0  sort

# Time        UID       PID    %usr %system  %guest   %wait    %CPU   CPU  minflt/s  majflt/s     VSZ     RSS   %MEM   kB_rd/s   kB_wr/s kB_ccwr/s iodelay  Command
22:08:08        0     24070  100.00   93.00    0.00    1.00  100.00    14 239022.00      0.00 9042632 8390736   4.27      0.00 134048.00      0.00       0  sort

# Time        UID       PID    usr-ms system-ms  guest-ms minflt-nr majflt-nr  Command
22:08:08        0     24070      5450       930         0    239022         0  sort

# Time        UID       PID    %usr %system  %guest   %wait    %CPU   CPU  minflt/s  majflt/s     VSZ     RSS   %MEM   kB_rd/s   kB_wr/s kB_ccwr/s iodelay  Command
22:08:09        0     24070  100.00   78.00    0.00    0.00  100.00    14 412847.00      0.00 9042632 8390736   4.27      0.00 159856.00      0.00       0  sort

# Time        UID       PID    usr-ms system-ms  guest-ms minflt-nr majflt-nr  Command
22:08:09        0     24070      3640       780         0    412847         0  sort

# Time        UID       PID    %usr %system  %guest   %wait    %CPU   CPU  minflt/s  majflt/s     VSZ     RSS   %MEM   kB_rd/s   kB_wr/s kB_ccwr/s iodelay  Command
22:08:10        0     24070  100.00   54.00    0.00    0.00  100.00    22 433833.00      0.00 9042632 8390736   4.27      0.00 186092.00      0.00       0  sort

# Time        UID       PID    usr-ms system-ms  guest-ms minflt-nr majflt-nr  Command
22:08:10        0     24070      2300       540         0    433833         0  sort

# Time        UID       PID    %usr %system  %guest   %wait    %CPU   CPU  minflt/s  majflt/s     VSZ     RSS   %MEM   kB_rd/s   kB_wr/s kB_ccwr/s iodelay  Command
22:08:11        0     24070  100.00   48.00    0.00    0.00  100.00    45 275502.00      0.00 9042632 8390736   4.27      0.00 252388.00      0.00       0  sort

# Time        UID       PID    usr-ms system-ms  guest-ms minflt-nr majflt-nr  Command
22:08:11        0     24070      1840       480         0    275502         0  sort

# Time        UID       PID    %usr %system  %guest   %wait    %CPU   CPU  minflt/s  majflt/s     VSZ     RSS   %MEM   kB_rd/s   kB_wr/s kB_ccwr/s iodelay  Command
22:08:12        0     24070  100.00   28.00    0.00    0.00  100.00    45  84975.00      0.00 9042632 8390736   4.27      0.00 263528.00      0.00       0  sort

# Time        UID       PID    usr-ms system-ms  guest-ms minflt-nr majflt-nr  Command
22:08:12        0     24070      1850       280         0     84975         0  sort

# Time        UID       PID    %usr %system  %guest   %wait    %CPU   CPU  minflt/s  majflt/s     VSZ     RSS   %MEM   kB_rd/s   kB_wr/s kB_ccwr/s iodelay  Command
22:08:13        0     24070  100.00   29.00    0.00    0.00  100.00     0  90267.00      0.00 9042632 8390736   4.27      0.00 272604.00      0.00       0  sort

# Time        UID       PID    usr-ms system-ms  guest-ms minflt-nr majflt-nr  Command
22:08:13        0     24070      2100       290         0     90267         0  sort

# Time        UID       PID    %usr %system  %guest   %wait    %CPU   CPU  minflt/s  majflt/s     VSZ     RSS   %MEM   kB_rd/s   kB_wr/s kB_ccwr/s iodelay  Command
22:08:14        0     24070  100.00   26.00    0.00    0.00  100.00     8  68700.00      0.00 9042632 8390736   4.27      0.00 282280.00      0.00       0  sort

# Time        UID       PID    usr-ms system-ms  guest-ms minflt-nr majflt-nr  Command
22:08:14        0     24070      1660       260         0     68700         0  sort

# Time        UID       PID    %usr %system  %guest   %wait    %CPU   CPU  minflt/s  majflt/s     VSZ     RSS   %MEM   kB_rd/s   kB_wr/s kB_ccwr/s iodelay  Command
22:08:15        0     24070  100.00   24.00    0.00    0.00  100.00    30  57628.00      0.00 9042632 8390736   4.27      0.00 263956.00      0.00       0  sort

# Time        UID       PID    usr-ms system-ms  guest-ms minflt-nr majflt-nr  Command
22:08:15        0     24070      1480       240         0     57628         0  sort

# Time        UID       PID    %usr %system  %guest   %wait    %CPU   CPU  minflt/s  majflt/s     VSZ     RSS   %MEM   kB_rd/s   kB_wr/s kB_ccwr/s iodelay  Command
22:08:16        0     24070  100.00   26.00    0.00    0.00  100.00    30  70210.00      0.00 9042632 8390736   4.27      0.00 255388.00      0.00       0  sort

# Time        UID       PID    usr-ms system-ms  guest-ms minflt-nr majflt-nr  Command
22:08:16        0     24070      1640       260         0     70210         0  sort

# Time        UID       PID    %usr %system  %guest   %wait    %CPU   CPU  minflt/s  majflt/s     VSZ     RSS   %MEM   kB_rd/s   kB_wr/s kB_ccwr/s iodelay  Command
22:08:17        0     24070  100.00   27.00    0.00    0.00  100.00    30  66149.00      0.00 9042632 8390736   4.27      0.00 267480.00      0.00       0  sort

# Time        UID       PID    usr-ms system-ms  guest-ms minflt-nr majflt-nr  Command
22:08:17        0     24070      1450       270         0     66149         0  sort

# Time        UID       PID    %usr %system  %guest   %wait    %CPU   CPU  minflt/s  majflt/s     VSZ     RSS   %MEM   kB_rd/s   kB_wr/s kB_ccwr/s iodelay  Command
22:08:18        0     24070  100.00   25.00    0.00    0.00  100.00    21  54260.00      0.00 9042632 8390736   4.27      0.00 271024.00      0.00       0  sort

# Time        UID       PID    usr-ms system-ms  guest-ms minflt-nr majflt-nr  Command
22:08:18        0     24070      1400       250         0     54260         0  sort

# Time        UID       PID    %usr %system  %guest   %wait    %CPU   CPU  minflt/s  majflt/s     VSZ     RSS   %MEM   kB_rd/s   kB_wr/s kB_ccwr/s iodelay  Command
22:08:19        0     24070  100.00   20.00    0.00    0.00  100.00    21  45923.00      0.00 9042632 8390736   4.27      0.00 252696.00      0.00       0  sort

# Time        UID       PID    usr-ms system-ms  guest-ms minflt-nr majflt-nr  Command
22:08:19        0     24070      1300       200         0     45923         0  sort

# Time        UID       PID    %usr %system  %guest   %wait    %CPU   CPU  minflt/s  majflt/s     VSZ     RSS   %MEM   kB_rd/s   kB_wr/s kB_ccwr/s iodelay  Command
22:08:20        0     24070  100.00   28.00    0.00    0.00  100.00    21  56110.00      0.00 9042632 8390736   4.27      0.00 281464.00      0.00       0  sort

# Time        UID       PID    usr-ms system-ms  guest-ms minflt-nr majflt-nr  Command
22:08:20        0     24070      1480       280         0     56110         0  sort

# Time        UID       PID    %usr %system  %guest   %wait    %CPU   CPU  minflt/s  majflt/s     VSZ     RSS   %MEM   kB_rd/s   kB_wr/s kB_ccwr/s iodelay  Command
22:08:21        0     24070   30.00   14.00    0.00    0.00   44.00     0  11345.00      0.00 8952476 8390604   4.27  97024.00  70972.00      0.00      58  sort

# Time        UID       PID    usr-ms system-ms  guest-ms minflt-nr majflt-nr  Command
22:08:21        0     24070       300       140         0     11345         0  sort

# Time        UID       PID    %usr %system  %guest   %wait    %CPU   CPU  minflt/s  majflt/s     VSZ     RSS   %MEM   kB_rd/s   kB_wr/s kB_ccwr/s iodelay  Command
22:08:22        0     24070    6.00   12.00    0.00    0.00   18.00     2  12107.00      0.00 8952476 8390604   4.27 129536.00      0.00      0.00      79  sort

# Time        UID       PID    usr-ms system-ms  guest-ms minflt-nr majflt-nr  Command
22:08:22        0     24070        60       120         0     12107         0  sort

# Time        UID       PID    %usr %system  %guest   %wait    %CPU   CPU  minflt/s  majflt/s     VSZ     RSS   %MEM   kB_rd/s   kB_wr/s kB_ccwr/s iodelay  Command
22:08:23        0     24070    5.00   12.00    0.00    0.00   17.00     2   3904.00      0.00 8952476 8390604   4.27 133376.00      0.00      0.00      84  sort

# Time        UID       PID    usr-ms system-ms  guest-ms minflt-nr majflt-nr  Command
22:08:23        0     24070        50       120         0      3904         0  sort

# Time        UID       PID    %usr %system  %guest   %wait    %CPU   CPU  minflt/s  majflt/s     VSZ     RSS   %MEM   kB_rd/s   kB_wr/s kB_ccwr/s iodelay  Command
22:08:24        0     24070    4.00   19.00    0.00    0.00   23.00     2  14360.00      0.00 8952476 8390604   4.27 166400.00      0.00      0.00      79  sort

# Time        UID       PID    usr-ms system-ms  guest-ms minflt-nr majflt-nr  Command
22:08:24        0     24070        40       190         0     14360         0  sort

# Time        UID       PID    %usr %system  %guest   %wait    %CPU   CPU  minflt/s  majflt/s     VSZ     RSS   %MEM   kB_rd/s   kB_wr/s kB_ccwr/s iodelay  Command
22:08:25        0     24070   14.00   41.00    0.00    1.00   55.00     2  56077.00      0.00 8952476 8390604   4.27 288512.00      0.00      0.00      46  sort

# Time        UID       PID    usr-ms system-ms  guest-ms minflt-nr majflt-nr  Command
22:08:25        0     24070       140       410         0     56077         0  sort

# Time        UID       PID    %usr %system  %guest   %wait    %CPU   CPU  minflt/s  majflt/s     VSZ     RSS   %MEM   kB_rd/s   kB_wr/s kB_ccwr/s iodelay  Command
22:08:26        0     24070   12.00   52.00    0.00    0.00   64.00     2  62759.00      0.00 8952476 8390604   4.27 292352.00      0.00      0.00      36  sort

# Time        UID       PID    usr-ms system-ms  guest-ms minflt-nr majflt-nr  Command
22:08:26        0     24070       120       520         0     62759         0  sort

# Time        UID       PID    %usr %system  %guest   %wait    %CPU   CPU  minflt/s  majflt/s     VSZ     RSS   %MEM   kB_rd/s   kB_wr/s kB_ccwr/s iodelay  Command
22:08:27        0     24070   13.00   45.00    0.00    0.00   58.00     2  58471.00      0.00 8952476 8390604   4.27 287488.00      0.00      0.00      42  sort

# Time        UID       PID    usr-ms system-ms  guest-ms minflt-nr majflt-nr  Command
22:08:27        0     24070       130       450         0     58471         0  sort

# Time        UID       PID    %usr %system  %guest   %wait    %CPU   CPU  minflt/s  majflt/s     VSZ     RSS   %MEM   kB_rd/s   kB_wr/s kB_ccwr/s iodelay  Command
22:08:28        0     24070   13.00   50.00    0.00    0.00   63.00     2  71336.00      0.00 8952476 8390604   4.27 293120.00      0.00      0.00      36  sort

# Time        UID       PID    usr-ms system-ms  guest-ms minflt-nr majflt-nr  Command
22:08:28        0     24070       130       500         0     71336         0  sort

# Time        UID       PID    %usr %system  %guest   %wait    %CPU   CPU  minflt/s  majflt/s     VSZ     RSS   %MEM   kB_rd/s   kB_wr/s kB_ccwr/s iodelay  Command
22:08:29        0     24070   12.00   42.00    0.00    0.00   54.00     2  54482.00      0.00 8952476 8390604   4.27 262912.00      0.00      0.00      45  sort

# Time        UID       PID    usr-ms system-ms  guest-ms minflt-nr majflt-nr  Command
22:08:29        0     24070       120       420         0     54482         0  sort

# Time        UID       PID    %usr %system  %guest   %wait    %CPU   CPU  minflt/s  majflt/s     VSZ     RSS   %MEM   kB_rd/s   kB_wr/s kB_ccwr/s iodelay  Command
22:08:30        0     24070    2.00   26.00    0.00    0.00   28.00     4  34170.00      0.00 8952476 8390604   4.27 140032.00      0.00      0.00      72  sort

# Time        UID       PID    usr-ms system-ms  guest-ms minflt-nr majflt-nr  Command
22:08:30        0     24070        20       260         0     34170         0  sort

# Time        UID       PID    %usr %system  %guest   %wait    %CPU   CPU  minflt/s  majflt/s     VSZ     RSS   %MEM   kB_rd/s   kB_wr/s kB_ccwr/s iodelay  Command
22:08:31        0     24070    5.00   22.00    0.00    1.00   27.00     4  33080.00      0.00 8952476 8390604   4.27 131840.00      0.00      0.00      69  sort

# Time        UID       PID    usr-ms system-ms  guest-ms minflt-nr majflt-nr  Command
22:08:31        0     24070        50       220         0     33080         0  sort

# Time        UID       PID    %usr %system  %guest   %wait    %CPU   CPU  minflt/s  majflt/s     VSZ     RSS   %MEM   kB_rd/s   kB_wr/s kB_ccwr/s iodelay  Command
22:08:32        0     24070    7.00   21.00    0.00    0.00   28.00     4  36603.00      0.00 8952476 8390604   4.27 127488.00      0.00      0.00      76  sort

# Time        UID       PID    usr-ms system-ms  guest-ms minflt-nr majflt-nr  Command
22:08:32        0     24070        70       210         0     36603         0  sort

# Time        UID       PID    %usr %system  %guest   %wait    %CPU   CPU  minflt/s  majflt/s     VSZ     RSS   %MEM   kB_rd/s   kB_wr/s kB_ccwr/s iodelay  Command
22:08:33        0     24070    6.00   17.00    0.00    0.00   23.00     4  24186.00      0.00 8952476 8390604   4.27 130304.00      0.00      0.00      77  sort

# Time        UID       PID    usr-ms system-ms  guest-ms minflt-nr majflt-nr  Command
22:08:33        0     24070        60       170         0     24186         0  sort

# Time        UID       PID    %usr %system  %guest   %wait    %CPU   CPU  minflt/s  majflt/s     VSZ     RSS   %MEM   kB_rd/s   kB_wr/s kB_ccwr/s iodelay  Command
22:08:34        0     24070    7.00   19.00    0.00    0.00   26.00     4  30235.00      0.00 8952476 8390604   4.27 133888.00      0.00      0.00      72  sort

# Time        UID       PID    usr-ms system-ms  guest-ms minflt-nr majflt-nr  Command
22:08:34        0     24070        70       190         0     30235         0  sort

# Time        UID       PID    %usr %system  %guest   %wait    %CPU   CPU  minflt/s  majflt/s     VSZ     RSS   %MEM   kB_rd/s   kB_wr/s kB_ccwr/s iodelay  Command
22:08:35        0     24070    8.00   16.00    0.00    0.00   24.00     4  30581.00      0.00 8952476 8390604   4.27 129024.00      0.00      0.00      73  sort

# Time        UID       PID    usr-ms system-ms  guest-ms minflt-nr majflt-nr  Command
22:08:35        0     24070        80       160         0     30581         0  sort

# Time        UID       PID    %usr %system  %guest   %wait    %CPU   CPU  minflt/s  majflt/s     VSZ     RSS   %MEM   kB_rd/s   kB_wr/s kB_ccwr/s iodelay  Command
22:08:36        0     24070    6.00   28.00    0.00    1.00   34.00     4  39623.00      0.00 8952476 8390604   4.27 185088.00      0.00      0.00      69  sort

# Time        UID       PID    usr-ms system-ms  guest-ms minflt-nr majflt-nr  Command
22:08:36        0     24070        60       280         0     39623         0  sort

# Time        UID       PID    %usr %system  %guest   %wait    %CPU   CPU  minflt/s  majflt/s     VSZ     RSS   %MEM   kB_rd/s   kB_wr/s kB_ccwr/s iodelay  Command
22:08:37        0     24070  100.00   41.00    0.00    0.00  100.00     5  70912.00      0.00 9042632 8390696   4.27 297984.00      0.00      0.00      36  sort

# Time        UID       PID    usr-ms system-ms  guest-ms minflt-nr majflt-nr  Command
22:08:37        0     24070      1360       410         0     70912         0  sort

# Time        UID       PID    %usr %system  %guest   %wait    %CPU   CPU  minflt/s  majflt/s     VSZ     RSS   %MEM   kB_rd/s   kB_wr/s kB_ccwr/s iodelay  Command
22:08:38        0     24070  100.00    5.00    0.00    0.00  100.00     5  69635.00      0.00 9042632 8390696   4.27      0.00      0.00      0.00       0  sort

# Time        UID       PID    usr-ms system-ms  guest-ms minflt-nr majflt-nr  Command
22:08:38        0     24070     15960        50         0     69635         0  sort

# Time        UID       PID    %usr %system  %guest   %wait    %CPU   CPU  minflt/s  majflt/s     VSZ     RSS   %MEM   kB_rd/s   kB_wr/s kB_ccwr/s iodelay  Command
22:08:39        0     24070  100.00   56.00    0.00    0.00  100.00     5 360965.00      0.00 9042632 8390748   4.27      0.00      0.00      0.00       0  sort

# Time        UID       PID    usr-ms system-ms  guest-ms minflt-nr majflt-nr  Command
22:08:39        0     24070     14350       560         0    360965         0  sort

# Time        UID       PID    %usr %system  %guest   %wait    %CPU   CPU  minflt/s  majflt/s     VSZ     RSS   %MEM   kB_rd/s   kB_wr/s kB_ccwr/s iodelay  Command
22:08:40        0     24070  100.00  100.00    0.00    0.00  100.00     7 599327.00      0.00 9042632 8390752   4.27      0.00  75744.00      0.00       0  sort

# Time        UID       PID    usr-ms system-ms  guest-ms minflt-nr majflt-nr  Command
22:08:40        0     24070      4390      1720         0    599327         0  sort

# Time        UID       PID    %usr %system  %guest   %wait    %CPU   CPU  minflt/s  majflt/s     VSZ     RSS   %MEM   kB_rd/s   kB_wr/s kB_ccwr/s iodelay  Command
22:08:41        0     24070  100.00   92.00    0.00    0.00  100.00     7 512383.00      0.00 9042632 8390752   4.27      0.00 157260.00      0.00       0  sort

# Time        UID       PID    usr-ms system-ms  guest-ms minflt-nr majflt-nr  Command
22:08:41        0     24070      4050       920         0    512383         0  sort

# Time        UID       PID    %usr %system  %guest   %wait    %CPU   CPU  minflt/s  majflt/s     VSZ     RSS   %MEM   kB_rd/s   kB_wr/s kB_ccwr/s iodelay  Command
22:08:42        0     24070  100.00   41.00    0.00    0.00  100.00     7 154681.00      0.00 9042632 8390752   4.27      0.00 221972.00      0.00       0  sort

# Time        UID       PID    usr-ms system-ms  guest-ms minflt-nr majflt-nr  Command
22:08:42        0     24070      3330       410         0    154681         0  sort

# Time        UID       PID    %usr %system  %guest   %wait    %CPU   CPU  minflt/s  majflt/s     VSZ     RSS   %MEM   kB_rd/s   kB_wr/s kB_ccwr/s iodelay  Command
22:08:43        0     24070  100.00   41.00    0.00    0.00  100.00     7 150003.00      0.00 9042632 8390752   4.27      0.00 240040.00      0.00       0  sort

# Time        UID       PID    usr-ms system-ms  guest-ms minflt-nr majflt-nr  Command
22:08:43        0     24070      2960       410         0    150003         0  sort

# Time        UID       PID    %usr %system  %guest   %wait    %CPU   CPU  minflt/s  majflt/s     VSZ     RSS   %MEM   kB_rd/s   kB_wr/s kB_ccwr/s iodelay  Command
22:08:44        0     24070  100.00   61.00    0.00    0.00  100.00    23 337449.00      0.00 9042632 8390752   4.27      0.00 178540.00      0.00       0  sort

# Time        UID       PID    usr-ms system-ms  guest-ms minflt-nr majflt-nr  Command
22:08:44        0     24070      2980       610         0    337449         0  sort

# Time        UID       PID    %usr %system  %guest   %wait    %CPU   CPU  minflt/s  majflt/s     VSZ     RSS   %MEM   kB_rd/s   kB_wr/s kB_ccwr/s iodelay  Command
22:08:45        0     24070  100.00   56.00    0.00    0.00  100.00    22 368223.00      0.00 9042632 8390752   4.27      0.00 205732.00      0.00       0  sort

# Time        UID       PID    usr-ms system-ms  guest-ms minflt-nr majflt-nr  Command
22:08:45        0     24070      2240       560         0    368223         0  sort

# Time        UID       PID    %usr %system  %guest   %wait    %CPU   CPU  minflt/s  majflt/s     VSZ     RSS   %MEM   kB_rd/s   kB_wr/s kB_ccwr/s iodelay  Command
22:08:46        0     24070  100.00   43.00    0.00    0.00  100.00     6 246304.00      0.00 9042632 8390752   4.27      0.00 247996.00      0.00       0  sort

# Time        UID       PID    usr-ms system-ms  guest-ms minflt-nr majflt-nr  Command
22:08:46        0     24070      1550       430         0    246304         0  sort

# Time        UID       PID    %usr %system  %guest   %wait    %CPU   CPU  minflt/s  majflt/s     VSZ     RSS   %MEM   kB_rd/s   kB_wr/s kB_ccwr/s iodelay  Command
22:08:47        0     24070  100.00   31.00    0.00    0.00  100.00     6 152287.00      0.00 9042632 8390752   4.27      0.00 253612.00      0.00       0  sort

# Time        UID       PID    usr-ms system-ms  guest-ms minflt-nr majflt-nr  Command
22:08:47        0     24070      1490       310         0    152287         0  sort

# Time        UID       PID    %usr %system  %guest   %wait    %CPU   CPU  minflt/s  majflt/s     VSZ     RSS   %MEM   kB_rd/s   kB_wr/s kB_ccwr/s iodelay  Command
22:08:48        0     24070  100.00   26.00    0.00    0.00  100.00     6 123243.00      0.00 9042632 8390752   4.27      0.00 272216.00      0.00       0  sort

# Time        UID       PID    usr-ms system-ms  guest-ms minflt-nr majflt-nr  Command
22:08:48        0     24070      1020       260         0    123243         0  sort

# Time        UID       PID    %usr %system  %guest   %wait    %CPU   CPU  minflt/s  majflt/s     VSZ     RSS   %MEM   kB_rd/s   kB_wr/s kB_ccwr/s iodelay  Command
22:08:49        0     24070  100.00   21.00    0.00    0.00  100.00     6  37906.00      0.00 9042632 8390752   4.27      0.00 259008.00      0.00       0  sort

# Time        UID       PID    usr-ms system-ms  guest-ms minflt-nr majflt-nr  Command
22:08:49        0     24070      1220       210         0     37906         0  sort

# Time        UID       PID    %usr %system  %guest   %wait    %CPU   CPU  minflt/s  majflt/s     VSZ     RSS   %MEM   kB_rd/s   kB_wr/s kB_ccwr/s iodelay  Command
22:08:50        0     24070  100.00   19.00    0.00    0.00  100.00     1  26216.00      0.00 9042632 8390752   4.27      0.00 284140.00      0.00       0  sort

# Time        UID       PID    usr-ms system-ms  guest-ms minflt-nr majflt-nr  Command
22:08:50        0     24070      1170       190         0     26216         0  sort

# Time        UID       PID    %usr %system  %guest   %wait    %CPU   CPU  minflt/s  majflt/s     VSZ     RSS   %MEM   kB_rd/s   kB_wr/s kB_ccwr/s iodelay  Command
22:08:51        0     24070  100.00   19.00    0.00    0.00  100.00     7  20082.00      0.00 9042632 8390752   4.27      0.00 299980.00      0.00       0  sort

# Time        UID       PID    usr-ms system-ms  guest-ms minflt-nr majflt-nr  Command
22:08:51        0     24070      1080       190         0     20082         0  sort

# Time        UID       PID    %usr %system  %guest   %wait    %CPU   CPU  minflt/s  majflt/s     VSZ     RSS   %MEM   kB_rd/s   kB_wr/s kB_ccwr/s iodelay  Command
22:08:52        0     24070  100.00   16.00    0.00    0.00  100.00    17  25969.00      0.00 9042632 8390752   4.27      0.00 280324.00      0.00       0  sort

# Time        UID       PID    usr-ms system-ms  guest-ms minflt-nr majflt-nr  Command
22:08:52        0     24070      1150       160         0     25969         0  sort

# Time        UID       PID    %usr %system  %guest   %wait    %CPU   CPU  minflt/s  majflt/s     VSZ     RSS   %MEM   kB_rd/s   kB_wr/s kB_ccwr/s iodelay  Command
22:08:53        0     24070   88.00   20.00    0.00    0.00  100.00     2  17841.00      0.00 8952476 8390620   4.27  51968.00 249824.00      0.00      10  sort

# Time        UID       PID    usr-ms system-ms  guest-ms minflt-nr majflt-nr  Command
22:08:53        0     24070       880       200         0     17841         0  sort

# Time        UID       PID    %usr %system  %guest   %wait    %CPU   CPU  minflt/s  majflt/s     VSZ     RSS   %MEM   kB_rd/s   kB_wr/s kB_ccwr/s iodelay  Command
22:08:54        0     24070   11.00   28.00    0.00    0.00   39.00     2  14201.00      0.00 8952476 8390620   4.27 310784.00      0.00      0.00      61  sort

# Time        UID       PID    usr-ms system-ms  guest-ms minflt-nr majflt-nr  Command
22:08:54        0     24070       110       280         0     14201         0  sort

# Time        UID       PID    %usr %system  %guest   %wait    %CPU   CPU  minflt/s  majflt/s     VSZ     RSS   %MEM   kB_rd/s   kB_wr/s kB_ccwr/s iodelay  Command
22:08:55        0     24070   12.00   28.00    0.00    0.00   40.00     2  16361.00      0.00 8952476 8390620   4.27 303104.00      0.00      0.00      61  sort

# Time        UID       PID    usr-ms system-ms  guest-ms minflt-nr majflt-nr  Command
22:08:55        0     24070       120       280         0     16361         0  sort

# Time        UID       PID    %usr %system  %guest   %wait    %CPU   CPU  minflt/s  majflt/s     VSZ     RSS   %MEM   kB_rd/s   kB_wr/s kB_ccwr/s iodelay  Command
22:08:56        0     24070    8.00   32.00    0.00    0.00   40.00     2  22135.00      0.00 8952476 8390620   4.27 296960.00      0.00      0.00      59  sort

# Time        UID       PID    usr-ms system-ms  guest-ms minflt-nr majflt-nr  Command
22:08:56        0     24070        80       320         0     22135         0  sort

# Time        UID       PID    %usr %system  %guest   %wait    %CPU   CPU  minflt/s  majflt/s     VSZ     RSS   %MEM   kB_rd/s   kB_wr/s kB_ccwr/s iodelay  Command
22:08:57        0     24070   12.00   28.00    0.00    1.00   40.00     2  24993.00      0.00 8952476 8390620   4.27 292096.00      0.00      0.00      59  sort

# Time        UID       PID    usr-ms system-ms  guest-ms minflt-nr majflt-nr  Command
22:08:57        0     24070       120       280         0     24993         0  sort

# Time        UID       PID    %usr %system  %guest   %wait    %CPU   CPU  minflt/s  majflt/s     VSZ     RSS   %MEM   kB_rd/s   kB_wr/s kB_ccwr/s iodelay  Command
22:08:58        0     24070   10.00   30.00    0.00    0.00   40.00     2  19950.00      0.00 8952476 8390620   4.27 299520.00      0.00      0.00      61  sort

# Time        UID       PID    usr-ms system-ms  guest-ms minflt-nr majflt-nr  Command
22:08:58        0     24070       100       300         0     19950         0  sort

# Time        UID       PID    %usr %system  %guest   %wait    %CPU   CPU  minflt/s  majflt/s     VSZ     RSS   %MEM   kB_rd/s   kB_wr/s kB_ccwr/s iodelay  Command
22:08:59        0     24070   14.00   25.00    0.00    0.00   39.00    12  18337.00      0.00 8952476 8390620   4.27 297728.00      0.00      0.00      60  sort

# Time        UID       PID    usr-ms system-ms  guest-ms minflt-nr majflt-nr  Command
22:08:59        0     24070       140       250         0     18337         0  sort

# Time        UID       PID    %usr %system  %guest   %wait    %CPU   CPU  minflt/s  majflt/s     VSZ     RSS   %MEM   kB_rd/s   kB_wr/s kB_ccwr/s iodelay  Command
22:09:00        0     24070   11.00   32.00    0.00    0.00   43.00    12  23985.00      0.00 8952476 8390620   4.27 296192.00      0.00      0.00      56  sort

# Time        UID       PID    usr-ms system-ms  guest-ms minflt-nr majflt-nr  Command
22:09:00        0     24070       110       320         0     23985         0  sort

# Time        UID       PID    %usr %system  %guest   %wait    %CPU   CPU  minflt/s  majflt/s     VSZ     RSS   %MEM   kB_rd/s   kB_wr/s kB_ccwr/s iodelay  Command
22:09:01        0     24070   12.00   31.00    0.00    0.00   43.00    12  19434.00      0.00 8952476 8390620   4.27 300288.00      0.00      0.00      57  sort

# Time        UID       PID    usr-ms system-ms  guest-ms minflt-nr majflt-nr  Command
22:09:01        0     24070       120       310         0     19434         0  sort

# Time        UID       PID    %usr %system  %guest   %wait    %CPU   CPU  minflt/s  majflt/s     VSZ     RSS   %MEM   kB_rd/s   kB_wr/s kB_ccwr/s iodelay  Command
22:09:02        0     24070   15.00   27.00    0.00    0.00   42.00    12  21895.00      0.00 8952476 8390620   4.27 303360.00      0.00      0.00      57  sort

# Time        UID       PID    usr-ms system-ms  guest-ms minflt-nr majflt-nr  Command
22:09:02        0     24070       150       270         0     21895         0  sort

# Time        UID       PID    %usr %system  %guest   %wait    %CPU   CPU  minflt/s  majflt/s     VSZ     RSS   %MEM   kB_rd/s   kB_wr/s kB_ccwr/s iodelay  Command
22:09:03        0     24070   16.00   30.00    0.00    1.00   46.00    12  23008.00      0.00 8952476 8390620   4.27 313088.00      0.00      0.00      55  sort

# Time        UID       PID    usr-ms system-ms  guest-ms minflt-nr majflt-nr  Command
22:09:03        0     24070       160       300         0     23008         0  sort

# Time        UID       PID    %usr %system  %guest   %wait    %CPU   CPU  minflt/s  majflt/s     VSZ     RSS   %MEM   kB_rd/s   kB_wr/s kB_ccwr/s iodelay  Command
22:09:04        0     24070  100.00   15.00    0.00    0.00  100.00     1  21088.00      0.00 9042632 8390652   4.27 161280.00      0.00      0.00      25  sort

# Time        UID       PID    usr-ms system-ms  guest-ms minflt-nr majflt-nr  Command
22:09:04        0     24070      8350       150         0     21088         0  sort

# Time        UID       PID    %usr %system  %guest   %wait    %CPU   CPU  minflt/s  majflt/s     VSZ     RSS   %MEM   kB_rd/s   kB_wr/s kB_ccwr/s iodelay  Command
22:09:05        0     24070  100.00    6.00    0.00    0.00  100.00     4  79729.00      0.00 9042632 8390752   4.27      0.00      0.00      0.00       0  sort

# Time        UID       PID    usr-ms system-ms  guest-ms minflt-nr majflt-nr  Command
22:09:05        0     24070     15940        60         0     79729         0  sort

# Time        UID       PID    %usr %system  %guest   %wait    %CPU   CPU  minflt/s  majflt/s     VSZ     RSS   %MEM   kB_rd/s   kB_wr/s kB_ccwr/s iodelay  Command
22:09:06        0     24070  100.00  100.00    0.00    0.00  100.00     8 670564.00      0.00 9042632 8390756   4.27      0.00  37916.00      0.00       0  sort

# Time        UID       PID    usr-ms system-ms  guest-ms minflt-nr majflt-nr  Command
22:09:06        0     24070      9290      1150         0    670564         0  sort

# Time        UID       PID    %usr %system  %guest   %wait    %CPU   CPU  minflt/s  majflt/s     VSZ     RSS   %MEM   kB_rd/s   kB_wr/s kB_ccwr/s iodelay  Command
22:09:07        0     24070  100.00  100.00    0.00    0.00  100.00     8 631188.00      0.00 9042632 8390756   4.27      0.00  97104.00      0.00       0  sort

# Time        UID       PID    usr-ms system-ms  guest-ms minflt-nr majflt-nr  Command
22:09:07        0     24070      4000      1300         0    631188         0  sort

# Time        UID       PID    %usr %system  %guest   %wait    %CPU   CPU  minflt/s  majflt/s     VSZ     RSS   %MEM   kB_rd/s   kB_wr/s kB_ccwr/s iodelay  Command
22:09:08        0     24070  100.00   45.00    0.00    0.00  100.00     8 261009.00      0.00 9042632 8390756   4.27      0.00 118444.00      0.00       0  sort

# Time        UID       PID    usr-ms system-ms  guest-ms minflt-nr majflt-nr  Command
22:09:08        0     24070      4810       450         0    261009         0  sort

# Time        UID       PID    %usr %system  %guest   %wait    %CPU   CPU  minflt/s  majflt/s     VSZ     RSS   %MEM   kB_rd/s   kB_wr/s kB_ccwr/s iodelay  Command
22:09:09        0     24070  100.00   31.00    0.00    0.00  100.00     8 131149.00      0.00 9042632 8390756   4.27      0.00 256460.00      0.00       0  sort

# Time        UID       PID    usr-ms system-ms  guest-ms minflt-nr majflt-nr  Command
22:09:09        0     24070      2700       310         0    131149         0  sort

# Time        UID       PID    %usr %system  %guest   %wait    %CPU   CPU  minflt/s  majflt/s     VSZ     RSS   %MEM   kB_rd/s   kB_wr/s kB_ccwr/s iodelay  Command
22:09:10        0     24070  100.00   34.00    0.00    0.00  100.00    10 132640.00      0.00 9042632 8390756   4.27      0.00 267836.00      0.00       0  sort

# Time        UID       PID    usr-ms system-ms  guest-ms minflt-nr majflt-nr  Command
22:09:10        0     24070      2150       340         0    132640         0  sort

# Time        UID       PID    %usr %system  %guest   %wait    %CPU   CPU  minflt/s  majflt/s     VSZ     RSS   %MEM   kB_rd/s   kB_wr/s kB_ccwr/s iodelay  Command
22:09:11        0     24070  100.00   29.00    0.00    0.00  100.00    10 111936.00      0.00 9042632 8390756   4.27      0.00 279020.00      0.00       0  sort

# Time        UID       PID    usr-ms system-ms  guest-ms minflt-nr majflt-nr  Command
22:09:11        0     24070      2070       290         0    111936         0  sort

# Time        UID       PID    %usr %system  %guest   %wait    %CPU   CPU  minflt/s  majflt/s     VSZ     RSS   %MEM   kB_rd/s   kB_wr/s kB_ccwr/s iodelay  Command
22:09:12        0     24070  100.00   21.00    0.00    0.00  100.00    10  92194.00      0.00 9042632 8390756   4.27      0.00 292232.00      0.00       0  sort

# Time        UID       PID    usr-ms system-ms  guest-ms minflt-nr majflt-nr  Command
22:09:12        0     24070      2010       210         0     92194         0  sort

# Time        UID       PID    %usr %system  %guest   %wait    %CPU   CPU  minflt/s  majflt/s     VSZ     RSS   %MEM   kB_rd/s   kB_wr/s kB_ccwr/s iodelay  Command
22:09:13        0     24070  100.00   43.00    0.00    0.00  100.00    10 230909.00      0.00 9042632 8390756   4.27      0.00 258764.00      0.00       0  sort

# Time        UID       PID    usr-ms system-ms  guest-ms minflt-nr majflt-nr  Command
22:09:13        0     24070      1610       430         0    230909         0  sort

# Time        UID       PID    %usr %system  %guest   %wait    %CPU   CPU  minflt/s  majflt/s     VSZ     RSS   %MEM   kB_rd/s   kB_wr/s kB_ccwr/s iodelay  Command
22:09:14        0     24070  100.00   59.00    0.00    0.00  100.00    10 414784.00      0.00 9042632 8390756   4.27      0.00 204972.00      0.00       0  sort

# Time        UID       PID    usr-ms system-ms  guest-ms minflt-nr majflt-nr  Command
22:09:14        0     24070      1100       590         0    414784         0  sort

# Time        UID       PID    %usr %system  %guest   %wait    %CPU   CPU  minflt/s  majflt/s     VSZ     RSS   %MEM   kB_rd/s   kB_wr/s kB_ccwr/s iodelay  Command
22:09:15        0     24070  100.00   43.00    0.00    0.00  100.00    10 237529.00      0.00 9042632 8390756   4.27      0.00 273216.00      0.00       0  sort

# Time        UID       PID    usr-ms system-ms  guest-ms minflt-nr majflt-nr  Command
22:09:15        0     24070      1170       430         0    237529         0  sort

# Time        UID       PID    %usr %system  %guest   %wait    %CPU   CPU  minflt/s  majflt/s     VSZ     RSS   %MEM   kB_rd/s   kB_wr/s kB_ccwr/s iodelay  Command
22:09:16        0     24070  100.00   21.00    0.00    0.00  100.00    10  61139.00      0.00 9042632 8390756   4.27      0.00 273328.00      0.00       0  sort

# Time        UID       PID    usr-ms system-ms  guest-ms minflt-nr majflt-nr  Command
22:09:16        0     24070      1100       210         0     61139         0  sort

# Time        UID       PID    %usr %system  %guest   %wait    %CPU   CPU  minflt/s  majflt/s     VSZ     RSS   %MEM   kB_rd/s   kB_wr/s kB_ccwr/s iodelay  Command
22:09:17        0     24070  100.00   22.00    0.00    0.00  100.00    10  31477.00      0.00 9042632 8390756   4.27      0.00 295052.00      0.00       0  sort

# Time        UID       PID    usr-ms system-ms  guest-ms minflt-nr majflt-nr  Command
22:09:17        0     24070      1120       220         0     31477         0  sort

# Time        UID       PID    %usr %system  %guest   %wait    %CPU   CPU  minflt/s  majflt/s     VSZ     RSS   %MEM   kB_rd/s   kB_wr/s kB_ccwr/s iodelay  Command
22:09:18        0     24070  100.00   18.00    0.00    0.00  100.00    10  38466.00      0.00 9042632 8390756   4.27      0.00 291376.00      0.00       0  sort

# Time        UID       PID    usr-ms system-ms  guest-ms minflt-nr majflt-nr  Command
22:09:18        0     24070      1110       180         0     38466         0  sort

# Time        UID       PID    %usr %system  %guest   %wait    %CPU   CPU  minflt/s  majflt/s     VSZ     RSS   %MEM   kB_rd/s   kB_wr/s kB_ccwr/s iodelay  Command
22:09:19        0     24070  100.00   21.00    0.00    0.00  100.00    10  41389.00      0.00 8952476 8390624   4.27  19968.00 280668.00      0.00       4  sort

# Time        UID       PID    usr-ms system-ms  guest-ms minflt-nr majflt-nr  Command
22:09:19        0     24070      1010       210         0     41389         0  sort

# Time        UID       PID    %usr %system  %guest   %wait    %CPU   CPU  minflt/s  majflt/s     VSZ     RSS   %MEM   kB_rd/s   kB_wr/s kB_ccwr/s iodelay  Command
22:09:20        0     24070   11.00   29.00    0.00    0.00   40.00    10  24023.00      0.00 8952476 8390624   4.27 301312.00      0.00      0.00      60  sort

# Time        UID       PID    usr-ms system-ms  guest-ms minflt-nr majflt-nr  Command
22:09:20        0     24070       110       290         0     24023         0  sort

# Time        UID       PID    %usr %system  %guest   %wait    %CPU   CPU  minflt/s  majflt/s     VSZ     RSS   %MEM   kB_rd/s   kB_wr/s kB_ccwr/s iodelay  Command
22:09:21        0     24070   13.00   27.00    0.00    0.00   40.00    10  25214.00      0.00 8952476 8390624   4.27 298752.00      0.00      0.00      59  sort

# Time        UID       PID    usr-ms system-ms  guest-ms minflt-nr majflt-nr  Command
22:09:21        0     24070       130       270         0     25214         0  sort

# Time        UID       PID    %usr %system  %guest   %wait    %CPU   CPU  minflt/s  majflt/s     VSZ     RSS   %MEM   kB_rd/s   kB_wr/s kB_ccwr/s iodelay  Command
22:09:22        0     24070   10.00   29.00    0.00    0.00   39.00    10  20035.00      0.00 8952476 8390624   4.27 295680.00      0.00      0.00      60  sort

# Time        UID       PID    usr-ms system-ms  guest-ms minflt-nr majflt-nr  Command
22:09:22        0     24070       100       290         0     20035         0  sort

# Time        UID       PID    %usr %system  %guest   %wait    %CPU   CPU  minflt/s  majflt/s     VSZ     RSS   %MEM   kB_rd/s   kB_wr/s kB_ccwr/s iodelay  Command
22:09:23        0     24070    7.00   34.00    0.00    1.00   41.00    10  18901.00      0.00 8952476 8390624   4.27 298496.00      0.00      0.00      60  sort

# Time        UID       PID    usr-ms system-ms  guest-ms minflt-nr majflt-nr  Command
22:09:23        0     24070        70       340         0     18901         0  sort

# Time        UID       PID    %usr %system  %guest   %wait    %CPU   CPU  minflt/s  majflt/s     VSZ     RSS   %MEM   kB_rd/s   kB_wr/s kB_ccwr/s iodelay  Command
22:09:24        0     24070   10.00   32.00    0.00    0.00   42.00    10  21779.00      0.00 8952476 8390624   4.27 282112.00      0.00      0.00      57  sort

# Time        UID       PID    usr-ms system-ms  guest-ms minflt-nr majflt-nr  Command
22:09:24        0     24070       100       320         0     21779         0  sort

# Time        UID       PID    %usr %system  %guest   %wait    %CPU   CPU  minflt/s  majflt/s     VSZ     RSS   %MEM   kB_rd/s   kB_wr/s kB_ccwr/s iodelay  Command
22:09:25        0     24070   15.00   25.00    0.00    0.00   40.00    10  17977.00      0.00 8952476 8390624   4.27 293120.00      0.00      0.00      61  sort

# Time        UID       PID    usr-ms system-ms  guest-ms minflt-nr majflt-nr  Command
22:09:25        0     24070       150       250         0     17977         0  sort

# Time        UID       PID    %usr %system  %guest   %wait    %CPU   CPU  minflt/s  majflt/s     VSZ     RSS   %MEM   kB_rd/s   kB_wr/s kB_ccwr/s iodelay  Command
22:09:26        0     24070   12.00   30.00    0.00    0.00   42.00    10  22776.00      0.00 8952476 8390624   4.27 280064.00      0.00      0.00      57  sort

# Time        UID       PID    usr-ms system-ms  guest-ms minflt-nr majflt-nr  Command
22:09:26        0     24070       120       300         0     22776         0  sort

# Time        UID       PID    %usr %system  %guest   %wait    %CPU   CPU  minflt/s  majflt/s     VSZ     RSS   %MEM   kB_rd/s   kB_wr/s kB_ccwr/s iodelay  Command
22:09:27        0     24070   13.86   31.68    0.00    0.00   45.54    10  20192.08      0.00 8952476 8390624   4.27 280332.67      0.00      0.00      54  sort

# Time        UID       PID    usr-ms system-ms  guest-ms minflt-nr majflt-nr  Command
22:09:27        0     24070       140       320         0     20394         0  sort

# Time        UID       PID    %usr %system  %guest   %wait    %CPU   CPU  minflt/s  majflt/s     VSZ     RSS   %MEM   kB_rd/s   kB_wr/s kB_ccwr/s iodelay  Command
22:09:28        0     24070   13.00   28.00    0.00    0.00   41.00    10  18443.00      0.00 8952476 8390624   4.27 299264.00      0.00      0.00      58  sort

# Time        UID       PID    usr-ms system-ms  guest-ms minflt-nr majflt-nr  Command
22:09:28        0     24070       130       280         0     18443         0  sort

# Time        UID       PID    %usr %system  %guest   %wait    %CPU   CPU  minflt/s  majflt/s     VSZ     RSS   %MEM   kB_rd/s   kB_wr/s kB_ccwr/s iodelay  Command
22:09:29        0     24070  100.00   19.00    0.00    0.00  100.00    16 116791.00      0.00 9042632 8390760   4.27  67112.00      0.00      0.00      13  sort

# Time        UID       PID    usr-ms system-ms  guest-ms minflt-nr majflt-nr  Command
22:09:29        0     24070     12090       190         0    116791         0  sort

# Time        UID       PID    %usr %system  %guest   %wait    %CPU   CPU  minflt/s  majflt/s     VSZ     RSS   %MEM   kB_rd/s   kB_wr/s kB_ccwr/s iodelay  Command
22:09:30        0     24070  100.00   54.00    0.00    0.00  100.00    16 393290.00      0.00 9042632 8390760   4.27      0.00      0.00      0.00       0  sort

# Time        UID       PID    usr-ms system-ms  guest-ms minflt-nr majflt-nr  Command
22:09:30        0     24070     14180       540         0    393290         0  sort

# Time        UID       PID    %usr %system  %guest   %wait    %CPU   CPU  minflt/s  majflt/s     VSZ     RSS   %MEM   kB_rd/s   kB_wr/s kB_ccwr/s iodelay  Command
22:09:31        0     24070  100.00  100.00    0.00    0.00  100.00    18 236945.00      0.00 9042632 8390764   4.27      0.00  56636.00      0.00       0  sort

# Time        UID       PID    usr-ms system-ms  guest-ms minflt-nr majflt-nr  Command
22:09:31        0     24070      5460      1120         0    236945         0  sort

# Time        UID       PID    %usr %system  %guest   %wait    %CPU   CPU  minflt/s  majflt/s     VSZ     RSS   %MEM   kB_rd/s   kB_wr/s kB_ccwr/s iodelay  Command
22:09:32        0     24070  100.00   80.00    0.00    0.00  100.00    16 127925.00      0.00 9042632 8390764   4.27      0.00 211652.00      0.00       0  sort

# Time        UID       PID    usr-ms system-ms  guest-ms minflt-nr majflt-nr  Command
22:09:32        0     24070      3570       800         0    127925         0  sort

# Time        UID       PID    %usr %system  %guest   %wait    %CPU   CPU  minflt/s  majflt/s     VSZ     RSS   %MEM   kB_rd/s   kB_wr/s kB_ccwr/s iodelay  Command
22:09:33        0     24070  100.00   72.00    0.00    0.00  100.00    16 136537.00      0.00 9042632 8390764   4.27      0.00 229852.00      0.00       0  sort

# Time        UID       PID    usr-ms system-ms  guest-ms minflt-nr majflt-nr  Command
22:09:33        0     24070      2830       720         0    136537         0  sort

# Time        UID       PID    %usr %system  %guest   %wait    %CPU   CPU  minflt/s  majflt/s     VSZ     RSS   %MEM   kB_rd/s   kB_wr/s kB_ccwr/s iodelay  Command
22:09:34        0     24070  100.00   72.00    0.00    0.00  100.00    16 280165.00      0.00 9042632 8390764   4.27      0.00 216188.00      0.00       0  sort

# Time        UID       PID    usr-ms system-ms  guest-ms minflt-nr majflt-nr  Command
22:09:34        0     24070      2010       720         0    280165         0  sort

# Time        UID       PID    %usr %system  %guest   %wait    %CPU   CPU  minflt/s  majflt/s     VSZ     RSS   %MEM   kB_rd/s   kB_wr/s kB_ccwr/s iodelay  Command
22:09:35        0     24070  100.00   83.00    0.00    0.00  100.00    16 188521.00      0.00 9042632 8390764   4.27      0.00 243152.00      0.00       0  sort

# Time        UID       PID    usr-ms system-ms  guest-ms minflt-nr majflt-nr  Command
22:09:35        0     24070      2550       830         0    188521         0  sort

# Time        UID       PID    %usr %system  %guest   %wait    %CPU   CPU  minflt/s  majflt/s     VSZ     RSS   %MEM   kB_rd/s   kB_wr/s kB_ccwr/s iodelay  Command
22:09:36        0     24070  100.00   68.00    0.00    0.00  100.00    32 179003.00      0.00 9042632 8390764   4.27      0.00 263800.00      0.00       0  sort

# Time        UID       PID    usr-ms system-ms  guest-ms minflt-nr majflt-nr  Command
22:09:36        0     24070      1990       680         0    179003         0  sort

# Time        UID       PID    %usr %system  %guest   %wait    %CPU   CPU  minflt/s  majflt/s     VSZ     RSS   %MEM   kB_rd/s   kB_wr/s kB_ccwr/s iodelay  Command
22:09:37        0     24070  100.00   67.00    0.00    0.00  100.00    32 245951.00      0.00 9042632 8390764   4.27      0.00 220228.00      0.00       0  sort

# Time        UID       PID    usr-ms system-ms  guest-ms minflt-nr majflt-nr  Command
22:09:37        0     24070      2040       670         0    245951         0  sort

# Time        UID       PID    %usr %system  %guest   %wait    %CPU   CPU  minflt/s  majflt/s     VSZ     RSS   %MEM   kB_rd/s   kB_wr/s kB_ccwr/s iodelay  Command
22:09:38        0     24070  100.00   38.00    0.00    0.00  100.00    32  76958.00      0.00 9042632 8390764   4.27      0.00 290864.00      0.00       0  sort

# Time        UID       PID    usr-ms system-ms  guest-ms minflt-nr majflt-nr  Command
22:09:38        0     24070      1240       380         0     76958         0  sort

# Time        UID       PID    %usr %system  %guest   %wait    %CPU   CPU  minflt/s  majflt/s     VSZ     RSS   %MEM   kB_rd/s   kB_wr/s kB_ccwr/s iodelay  Command
22:09:39        0     24070  100.00   24.00    0.00    0.00  100.00    32  20853.00      0.00 9042632 8390764   4.27      0.00 320700.00      0.00       0  sort

# Time        UID       PID    usr-ms system-ms  guest-ms minflt-nr majflt-nr  Command
22:09:39        0     24070      1030       240         0     20853         0  sort

# Time        UID       PID    %usr %system  %guest   %wait    %CPU   CPU  minflt/s  majflt/s     VSZ     RSS   %MEM   kB_rd/s   kB_wr/s kB_ccwr/s iodelay  Command
22:09:40        0     24070  100.00   20.00    0.00    1.00  100.00    32  25484.00      0.00 9042632 8390764   4.27      0.00 305696.00      0.00       0  sort

# Time        UID       PID    usr-ms system-ms  guest-ms minflt-nr majflt-nr  Command
22:09:40        0     24070      1170       200         0     25484         0  sort

# Time        UID       PID    %usr %system  %guest   %wait    %CPU   CPU  minflt/s  majflt/s     VSZ     RSS   %MEM   kB_rd/s   kB_wr/s kB_ccwr/s iodelay  Command
22:09:41        0     24070  100.00   33.00    0.00    0.00  100.00    32  79140.00      0.00 9042632 8390764   4.27      0.00 304580.00      0.00       0  sort

# Time        UID       PID    usr-ms system-ms  guest-ms minflt-nr majflt-nr  Command
22:09:41        0     24070      1110       330         0     79140         0  sort

# Time        UID       PID    %usr %system  %guest   %wait    %CPU   CPU  minflt/s  majflt/s     VSZ     RSS   %MEM   kB_rd/s   kB_wr/s kB_ccwr/s iodelay  Command
22:09:42        0     24070   12.00   87.00    0.00    0.00   99.00    32   1412.00      0.00  563864    2020   0.00      0.00  56104.00      0.00       0  sort

# Time        UID       PID    usr-ms system-ms  guest-ms minflt-nr majflt-nr  Command
22:09:42        0     24070       120       870         0      1412         0  sort

# Time        UID       PID    %usr %system  %guest   %wait    %CPU   CPU  minflt/s  majflt/s     VSZ     RSS   %MEM   kB_rd/s   kB_wr/s kB_ccwr/s iodelay  Command
22:09:43        0     24070    9.00   54.00    0.00    1.00   63.00    32 152587.00      0.00 2241588  612372   0.31    240.00      0.00      0.00      37  sort

# Time        UID       PID    usr-ms system-ms  guest-ms minflt-nr majflt-nr  Command
22:09:43        0     24070        90       540         0    152587         0  sort

# Time        UID       PID    %usr %system  %guest   %wait    %CPU   CPU  minflt/s  majflt/s     VSZ     RSS   %MEM   kB_rd/s   kB_wr/s kB_ccwr/s iodelay  Command
22:09:44        0     24070   18.00   82.00    0.00    0.00  100.00    32 438778.00      0.00 3919312 2367444   1.20      0.00      0.00      0.00       0  sort

# Time        UID       PID    usr-ms system-ms  guest-ms minflt-nr majflt-nr  Command
22:09:44        0     24070       180       820         0    438778         0  sort

# Time        UID       PID    %usr %system  %guest   %wait    %CPU   CPU  minflt/s  majflt/s     VSZ     RSS   %MEM   kB_rd/s   kB_wr/s kB_ccwr/s iodelay  Command
22:09:45        0     24070   20.00   80.00    0.00    0.00  100.00    32 436809.00      0.00 5597036 4114596   2.09      0.00      0.00      0.00       0  sort

# Time        UID       PID    usr-ms system-ms  guest-ms minflt-nr majflt-nr  Command
22:09:45        0     24070       200       800         0    436809         0  sort

# Time        UID       PID    %usr %system  %guest   %wait    %CPU   CPU  minflt/s  majflt/s     VSZ     RSS   %MEM   kB_rd/s   kB_wr/s kB_ccwr/s iodelay  Command
22:09:46        0     24070   18.00   82.00    0.00    0.00  100.00    32 450481.00      0.00 7274760 5916396   3.01      0.00      0.00      0.00       0  sort

# Time        UID       PID    usr-ms system-ms  guest-ms minflt-nr majflt-nr  Command
22:09:46        0     24070       180       820         0    450481         0  sort

# Time        UID       PID    %usr %system  %guest   %wait    %CPU   CPU  minflt/s  majflt/s     VSZ     RSS   %MEM   kB_rd/s   kB_wr/s kB_ccwr/s iodelay  Command
22:09:47        0     24070   19.00   81.00    0.00    0.00  100.00    32 462877.00      0.00 8952484 7768092   3.95      0.00      0.00      0.00       0  sort

# Time        UID       PID    usr-ms system-ms  guest-ms minflt-nr majflt-nr  Command
22:09:47        0     24070       190       810         0    462877         0  sort

# Time        UID       PID    %usr %system  %guest   %wait    %CPU   CPU  minflt/s  majflt/s     VSZ     RSS   %MEM   kB_rd/s   kB_wr/s kB_ccwr/s iodelay  Command
22:09:48        0     24070   44.00   56.00    0.00    0.00  100.00    32 155630.00      0.00 8952484 8390600   4.27      0.00 550348.00      0.00       0  sort

# Time        UID       PID    usr-ms system-ms  guest-ms minflt-nr majflt-nr  Command
22:09:48        0     24070       440       560         0    155630         0  sort

# Time        UID       PID    %usr %system  %guest   %wait    %CPU   CPU  minflt/s  majflt/s     VSZ     RSS   %MEM   kB_rd/s   kB_wr/s kB_ccwr/s iodelay  Command
22:09:49        0     24070   63.00   37.00    0.00    0.00  100.00    32      0.00      0.00 8952484 8390600   4.27      0.00 826528.00      0.00       0  sort

# Time        UID       PID    usr-ms system-ms  guest-ms minflt-nr majflt-nr  Command
22:09:49        0     24070       630       370         0         0         0  sort

# Time        UID       PID    %usr %system  %guest   %wait    %CPU   CPU  minflt/s  majflt/s     VSZ     RSS   %MEM   kB_rd/s   kB_wr/s kB_ccwr/s iodelay  Command
22:09:50        0     24070   54.00   46.00    0.00    0.00  100.00    32      0.00      0.00 8952484 8390600   4.27      0.00 820016.00      0.00       0  sort

# Time        UID       PID    usr-ms system-ms  guest-ms minflt-nr majflt-nr  Command
22:09:50        0     24070       540       460         0         0         0  sort

# Time        UID       PID    %usr %system  %guest   %wait    %CPU   CPU  minflt/s  majflt/s     VSZ     RSS   %MEM   kB_rd/s   kB_wr/s kB_ccwr/s iodelay  Command
22:09:51        0     24070   56.00   44.00    0.00    0.00  100.00    32      0.00      0.00 8952484 8390600   4.27      0.00 825556.00      0.00       0  sort

# Time        UID       PID    usr-ms system-ms  guest-ms minflt-nr majflt-nr  Command
22:09:51        0     24070       560       440         0         0         0  sort

# Time        UID       PID    %usr %system  %guest   %wait    %CPU   CPU  minflt/s  majflt/s     VSZ     RSS   %MEM   kB_rd/s   kB_wr/s kB_ccwr/s iodelay  Command
22:09:52        0     24070   57.00   43.00    0.00    0.00  100.00    32      0.00      0.00 8952484 8390600   4.27      0.00 814280.00      0.00       0  sort

# Time        UID       PID    usr-ms system-ms  guest-ms minflt-nr majflt-nr  Command
22:09:52        0     24070       570       430         0         0         0  sort

# Time        UID       PID    %usr %system  %guest   %wait    %CPU   CPU  minflt/s  majflt/s     VSZ     RSS   %MEM   kB_rd/s   kB_wr/s kB_ccwr/s iodelay  Command
22:09:53        0     24070   59.00   41.00    0.00    0.00  100.00    32      0.00      0.00 8952484 8390600   4.27      0.00 812464.00      0.00       0  sort

# Time        UID       PID    usr-ms system-ms  guest-ms minflt-nr majflt-nr  Command
22:09:53        0     24070       590       410         0         0         0  sort

# Time        UID       PID    %usr %system  %guest   %wait    %CPU   CPU  minflt/s  majflt/s     VSZ     RSS   %MEM   kB_rd/s   kB_wr/s kB_ccwr/s iodelay  Command
22:09:54        0     24070   61.00   39.00    0.00    0.00  100.00    32      0.00      0.00 8952484 8390600   4.27      0.00 827836.00      0.00       0  sort

# Time        UID       PID    usr-ms system-ms  guest-ms minflt-nr majflt-nr  Command
22:09:54        0     24070       610       390         0         0         0  sort

# Time        UID       PID    %usr %system  %guest   %wait    %CPU   CPU  minflt/s  majflt/s     VSZ     RSS   %MEM   kB_rd/s   kB_wr/s kB_ccwr/s iodelay  Command
22:09:55        0     24070   55.00   45.00    0.00    0.00  100.00    32      0.00      0.00 8952484 8390600   4.27      0.00 675876.00      0.00       0  sort

# Time        UID       PID    usr-ms system-ms  guest-ms minflt-nr majflt-nr  Command
22:09:55        0     24070       550       450         0         0         0  sort

# Time        UID       PID    %usr %system  %guest   %wait    %CPU   CPU  minflt/s  majflt/s     VSZ     RSS   %MEM   kB_rd/s   kB_wr/s kB_ccwr/s iodelay  Command
22:09:56        0     24070   32.00   68.00    0.00    0.00  100.00    32      0.00      0.00 8952484 8390600   4.27      0.00   3072.00      0.00       0  sort

# Time        UID       PID    usr-ms system-ms  guest-ms minflt-nr majflt-nr  Command
22:09:56        0     24070       320       680         0         0         0  sort

# Time        UID       PID    %usr %system  %guest   %wait    %CPU   CPU  minflt/s  majflt/s     VSZ     RSS   %MEM   kB_rd/s   kB_wr/s kB_ccwr/s iodelay  Command
22:09:57        0     24070   35.00   65.00    0.00    0.00  100.00    32      0.00      0.00 8952484 8390600   4.27      0.00 220972.00      0.00       0  sort

# Time        UID       PID    usr-ms system-ms  guest-ms minflt-nr majflt-nr  Command
22:09:57        0     24070       350       650         0         0         0  sort

# Time        UID       PID    %usr %system  %guest   %wait    %CPU   CPU  minflt/s  majflt/s     VSZ     RSS   %MEM   kB_rd/s   kB_wr/s kB_ccwr/s iodelay  Command
22:09:58        0     24070   55.00   45.00    0.00    0.00  100.00    32      0.00      0.00 8952484 8390600   4.27      0.00 818200.00      0.00       0  sort

# Time        UID       PID    usr-ms system-ms  guest-ms minflt-nr majflt-nr  Command
22:09:58        0     24070       550       450         0         0         0  sort

# Time        UID       PID    %usr %system  %guest   %wait    %CPU   CPU  minflt/s  majflt/s     VSZ     RSS   %MEM   kB_rd/s   kB_wr/s kB_ccwr/s iodelay  Command
22:09:59        0     24070   45.00   54.00    0.00    0.00   99.00    32      0.00      0.00 8952484 8390600   4.27      0.00 437164.00      0.00       0  sort

# Time        UID       PID    usr-ms system-ms  guest-ms minflt-nr majflt-nr  Command
22:09:59        0     24070       450       540         0         0         0  sort

# Time        UID       PID    %usr %system  %guest   %wait    %CPU   CPU  minflt/s  majflt/s     VSZ     RSS   %MEM   kB_rd/s   kB_wr/s kB_ccwr/s iodelay  Command
22:10:00        0     24070   56.00   45.00    0.00    0.00  100.00    32      0.00      0.00 8952484 8390600   4.27      0.00 813500.00      0.00       0  sort

# Time        UID       PID    usr-ms system-ms  guest-ms minflt-nr majflt-nr  Command
22:10:00        0     24070       560       450         0         0         0  sort

# Time        UID       PID    %usr %system  %guest   %wait    %CPU   CPU  minflt/s  majflt/s     VSZ     RSS   %MEM   kB_rd/s   kB_wr/s kB_ccwr/s iodelay  Command
22:10:01        0     24070   56.00   44.00    0.00    0.00  100.00    32      0.00      0.00 8952484 8390600   4.27      0.00 822120.00      0.00       0  sort

# Time        UID       PID    usr-ms system-ms  guest-ms minflt-nr majflt-nr  Command
22:10:01        0     24070       560       440         0         0         0  sort

# Time        UID       PID    %usr %system  %guest   %wait    %CPU   CPU  minflt/s  majflt/s     VSZ     RSS   %MEM   kB_rd/s   kB_wr/s kB_ccwr/s iodelay  Command
22:10:02        0     24070   52.00   48.00    0.00    0.00  100.00    32      0.00      0.00 8952484 8390600   4.27      0.00 824332.00      0.00       0  sort

# Time        UID       PID    usr-ms system-ms  guest-ms minflt-nr majflt-nr  Command
22:10:02        0     24070       520       480         0         0         0  sort

# Time        UID       PID    %usr %system  %guest   %wait    %CPU   CPU  minflt/s  majflt/s     VSZ     RSS   %MEM   kB_rd/s   kB_wr/s kB_ccwr/s iodelay  Command
22:10:03        0     24070   59.00   41.00    0.00    0.00  100.00    32      0.00      0.00 8952484 8390600   4.27      0.00 821968.00      0.00       0  sort

# Time        UID       PID    usr-ms system-ms  guest-ms minflt-nr majflt-nr  Command
22:10:03        0     24070       590       410         0         0         0  sort

# Time        UID       PID    %usr %system  %guest   %wait    %CPU   CPU  minflt/s  majflt/s     VSZ     RSS   %MEM   kB_rd/s   kB_wr/s kB_ccwr/s iodelay  Command
22:10:04        0     24070   55.00   44.00    0.00    0.00   99.00    32      0.00      0.00 8952484 8390600   4.27      0.00 796364.00      0.00       0  sort

# Time        UID       PID    usr-ms system-ms  guest-ms minflt-nr majflt-nr  Command
22:10:04        0     24070       550       440         0         0         0  sort

# Time        UID       PID    %usr %system  %guest   %wait    %CPU   CPU  minflt/s  majflt/s     VSZ     RSS   %MEM   kB_rd/s   kB_wr/s kB_ccwr/s iodelay  Command
22:10:05        0     24070   56.00   44.00    0.00    0.00  100.00    32      0.00      0.00 8952484 8390600   4.27      0.00 599832.00      0.00       0  sort

# Time        UID       PID    usr-ms system-ms  guest-ms minflt-nr majflt-nr  Command
22:10:05        0     24070       560       440         0         0         0  sort

# Time        UID       PID    %usr %system  %guest   %wait    %CPU   CPU  minflt/s  majflt/s     VSZ     RSS   %MEM   kB_rd/s   kB_wr/s kB_ccwr/s iodelay  Command
22:10:06        0     24070   38.00   62.00    0.00    0.00  100.00    32      0.00      0.00 8952484 8390600   4.27      0.00 168228.00      0.00       0  sort

# Time        UID       PID    usr-ms system-ms  guest-ms minflt-nr majflt-nr  Command
22:10:06        0     24070       380       620         0         0         0  sort

# Time        UID       PID    %usr %system  %guest   %wait    %CPU   CPU  minflt/s  majflt/s     VSZ     RSS   %MEM   kB_rd/s   kB_wr/s kB_ccwr/s iodelay  Command
22:10:07        0     24070   55.00   45.00    0.00    0.00  100.00    32      0.00      0.00 8952484 8390600   4.27      0.00 824416.00      0.00       0  sort

# Time        UID       PID    usr-ms system-ms  guest-ms minflt-nr majflt-nr  Command
22:10:07        0     24070       550       450         0         0         0  sort

# Time        UID       PID    %usr %system  %guest   %wait    %CPU   CPU  minflt/s  majflt/s     VSZ     RSS   %MEM   kB_rd/s   kB_wr/s kB_ccwr/s iodelay  Command
22:10:08        0     24070   57.00   44.00    0.00    0.00  100.00    32      0.00      0.00 8952484 8390600   4.27      0.00 829396.00      0.00       0  sort

# Time        UID       PID    usr-ms system-ms  guest-ms minflt-nr majflt-nr  Command
22:10:08        0     24070       570       440         0         0         0  sort

# Time        UID       PID    %usr %system  %guest   %wait    %CPU   CPU  minflt/s  majflt/s     VSZ     RSS   %MEM   kB_rd/s   kB_wr/s kB_ccwr/s iodelay  Command
22:10:09        0     24070   58.00   41.00    0.00    0.00   99.00    32      0.00      0.00 8952484 8390600   4.27      0.00 765768.00      0.00       0  sort

# Time        UID       PID    usr-ms system-ms  guest-ms minflt-nr majflt-nr  Command
22:10:09        0     24070       580       410         0         0         0  sort

# Time        UID       PID    %usr %system  %guest   %wait    %CPU   CPU  minflt/s  majflt/s     VSZ     RSS   %MEM   kB_rd/s   kB_wr/s kB_ccwr/s iodelay  Command
22:10:10        0     24070   52.00   49.00    0.00    0.00  100.00    32      0.00      0.00 8952484 8390600   4.27      0.00 726760.00      0.00       0  sort

# Time        UID       PID    usr-ms system-ms  guest-ms minflt-nr majflt-nr  Command
22:10:10        0     24070       520       490         0         0         0  sort

# Time        UID       PID    %usr %system  %guest   %wait    %CPU   CPU  minflt/s  majflt/s     VSZ     RSS   %MEM   kB_rd/s   kB_wr/s kB_ccwr/s iodelay  Command
22:10:11        0     24070    0.00   99.00    0.00    1.00   99.00    32      0.00      0.00 3919312 3357492   1.71      0.00      0.00      0.00       0  sort

# Time        UID       PID    usr-ms system-ms  guest-ms minflt-nr majflt-nr  Command
22:10:11        0     24070         0       990         0         0         0  sort

# Time        UID       PID    %usr %system  %guest   %wait    %CPU   CPU  minflt/s  majflt/s     VSZ     RSS   %MEM   kB_rd/s   kB_wr/s kB_ccwr/s iodelay  Command
22:10:12        0     24070    0.00   63.00    0.00    1.00   63.00    32      0.00      0.00  563864    2044   0.00      8.00      4.00      0.00      34  sort

# Time        UID       PID    usr-ms system-ms  guest-ms minflt-nr majflt-nr  Command
22:10:12        0     24070         0       630         0         0         0  sort

# Time        UID       PID    %usr %system  %guest   %wait    %CPU   CPU  minflt/s  majflt/s     VSZ     RSS   %MEM   kB_rd/s   kB_wr/s kB_ccwr/s iodelay  Command
22:10:13        0     24070    0.00   17.00    0.00    0.00   17.00    32      0.00      0.00  563864    2044   0.00     16.00      0.00      0.00      85  sort

# Time        UID       PID    usr-ms system-ms  guest-ms minflt-nr majflt-nr  Command
22:10:13        0     24070         0       170         0         0         0  sort

# Time        UID       PID    %usr %system  %guest   %wait    %CPU   CPU  minflt/s  majflt/s     VSZ     RSS   %MEM   kB_rd/s   kB_wr/s kB_ccwr/s iodelay  Command
22:10:14        0     24070    0.00   19.00    0.00    0.00   19.00    19      0.00      0.00  563864    2044   0.00      4.00      0.00      0.00      78  sort

# Time        UID       PID    usr-ms system-ms  guest-ms minflt-nr majflt-nr  Command
22:10:14        0     24070         0       190         0         0         0  sort

# Time        UID       PID    %usr %system  %guest   %wait    %CPU   CPU  minflt/s  majflt/s     VSZ     RSS   %MEM   kB_rd/s   kB_wr/s kB_ccwr/s iodelay  Command
22:10:15        0     24070    0.00   16.00    0.00    1.00   16.00    23      0.00      0.00  563864    2044   0.00      8.00      0.00      0.00      83  sort

# Time        UID       PID    usr-ms system-ms  guest-ms minflt-nr majflt-nr  Command
22:10:15        0     24070         0       160         0         0         0  sort

# Time        UID       PID    %usr %system  %guest   %wait    %CPU   CPU  minflt/s  majflt/s     VSZ     RSS   %MEM   kB_rd/s   kB_wr/s kB_ccwr/s iodelay  Command
22:10:16        0     24070    0.00   17.00    0.00    0.00   17.00    31      0.00      0.00  563864    2044   0.00      8.00      0.00      0.00      80  sort

# Time        UID       PID    usr-ms system-ms  guest-ms minflt-nr majflt-nr  Command
22:10:16        0     24070         0       170         0         0         0  sort

# Time        UID       PID    %usr %system  %guest   %wait    %CPU   CPU  minflt/s  majflt/s     VSZ     RSS   %MEM   kB_rd/s   kB_wr/s kB_ccwr/s iodelay  Command
22:10:17        0     24070    0.00   16.00    0.00    0.00   16.00    33      0.00      0.00  563864    2044   0.00      4.00      0.00      0.00      82  sort

# Time        UID       PID    usr-ms system-ms  guest-ms minflt-nr majflt-nr  Command
22:10:17        0     24070         0       160         0         0         0  sort

# Time        UID       PID    %usr %system  %guest   %wait    %CPU   CPU  minflt/s  majflt/s     VSZ     RSS   %MEM   kB_rd/s   kB_wr/s kB_ccwr/s iodelay  Command
22:10:18        0     24070    0.00   21.00    0.00    0.00   21.00    35      0.00      0.00  563864    2044   0.00     12.00      0.00      0.00      78  sort

# Time        UID       PID    usr-ms system-ms  guest-ms minflt-nr majflt-nr  Command
22:10:18        0     24070         0       210         0         0         0  sort

# Time        UID       PID    %usr %system  %guest   %wait    %CPU   CPU  minflt/s  majflt/s     VSZ     RSS   %MEM   kB_rd/s   kB_wr/s kB_ccwr/s iodelay  Command
22:10:19        0     24070    0.00   17.00    0.00    1.00   17.00    35      0.00      0.00  563864    2044   0.00      8.00      0.00      0.00      81  sort

# Time        UID       PID    usr-ms system-ms  guest-ms minflt-nr majflt-nr  Command
22:10:19        0     24070         0       170         0         0         0  sort

# Time        UID       PID    %usr %system  %guest   %wait    %CPU   CPU  minflt/s  majflt/s     VSZ     RSS   %MEM   kB_rd/s   kB_wr/s kB_ccwr/s iodelay  Command
22:10:20        0     24070    0.00   15.00    0.00    0.00   15.00    35      0.00      0.00  563864    2044   0.00      4.00      0.00      0.00      80  sort

# Time        UID       PID    usr-ms system-ms  guest-ms minflt-nr majflt-nr  Command
22:10:20        0     24070         0       150         0         0         0  sort

# Time        UID       PID    %usr %system  %guest   %wait    %CPU   CPU  minflt/s  majflt/s     VSZ     RSS   %MEM   kB_rd/s   kB_wr/s kB_ccwr/s iodelay  Command
22:10:21        0     24070    3.00   12.00    0.00    0.00   15.00    35      0.00      0.00  563864    2044   0.00      0.00      0.00      0.00      83  sort

# Time        UID       PID    usr-ms system-ms  guest-ms minflt-nr majflt-nr  Command
22:10:21        0     24070        30       120         0         0         0  sort

# Time        UID       PID    %usr %system  %guest   %wait    %CPU   CPU  minflt/s  majflt/s     VSZ     RSS   %MEM   kB_rd/s   kB_wr/s kB_ccwr/s iodelay  Command
22:10:22        0     24070    3.00   13.00    0.00    0.00   16.00    35      0.00      0.00  563864    2044   0.00      4.00      0.00      0.00      81  sort

# Time        UID       PID    usr-ms system-ms  guest-ms minflt-nr majflt-nr  Command
22:10:22        0     24070        30       130         0         0         0  sort

# Time        UID       PID    %usr %system  %guest   %wait    %CPU   CPU  minflt/s  majflt/s     VSZ     RSS   %MEM   kB_rd/s   kB_wr/s kB_ccwr/s iodelay  Command
22:10:23        0     24070    3.00   12.00    0.00    0.00   15.00    35      0.00      0.00  563864    2044   0.00      0.00      0.00      0.00      82  sort

# Time        UID       PID    usr-ms system-ms  guest-ms minflt-nr majflt-nr  Command
22:10:23        0     24070        30       120         0         0         0  sort

# Time        UID       PID    %usr %system  %guest   %wait    %CPU   CPU  minflt/s  majflt/s     VSZ     RSS   %MEM   kB_rd/s   kB_wr/s kB_ccwr/s iodelay  Command
22:10:24        0     24070    3.00   13.00    0.00    0.00   16.00    41      0.00      0.00  563864    2044   0.00      0.00      0.00      0.00      80  sort

# Time        UID       PID    usr-ms system-ms  guest-ms minflt-nr majflt-nr  Command
22:10:24        0     24070        30       130         0         0         0  sort

# Time        UID       PID    %usr %system  %guest   %wait    %CPU   CPU  minflt/s  majflt/s     VSZ     RSS   %MEM   kB_rd/s   kB_wr/s kB_ccwr/s iodelay  Command
22:10:25        0     24070    2.00   14.00    0.00    0.00   16.00    41      0.00      0.00  563864    2044   0.00      4.00      0.00      0.00      80  sort

# Time        UID       PID    usr-ms system-ms  guest-ms minflt-nr majflt-nr  Command
22:10:25        0     24070        20       140         0         0         0  sort

# Time        UID       PID    %usr %system  %guest   %wait    %CPU   CPU  minflt/s  majflt/s     VSZ     RSS   %MEM   kB_rd/s   kB_wr/s kB_ccwr/s iodelay  Command
22:10:26        0     24070    2.00   14.00    0.00    0.00   16.00    43      0.00      0.00  563864    2044   0.00      8.00      0.00      0.00      85  sort

# Time        UID       PID    usr-ms system-ms  guest-ms minflt-nr majflt-nr  Command
22:10:26        0     24070        20       140         0         0         0  sort

# Time        UID       PID    %usr %system  %guest   %wait    %CPU   CPU  minflt/s  majflt/s     VSZ     RSS   %MEM   kB_rd/s   kB_wr/s kB_ccwr/s iodelay  Command
22:10:27        0     24070    2.00   18.00    0.00    1.00   20.00    45      0.00      0.00  563864    2044   0.00      8.00      0.00      0.00      77  sort

# Time        UID       PID    usr-ms system-ms  guest-ms minflt-nr majflt-nr  Command
22:10:27        0     24070        20       180         0         0         0  sort

# Time        UID       PID    %usr %system  %guest   %wait    %CPU   CPU  minflt/s  majflt/s     VSZ     RSS   %MEM   kB_rd/s   kB_wr/s kB_ccwr/s iodelay  Command
22:10:28        0     24070    1.00   18.00    0.00    0.00   19.00    45      0.00      0.00  563864    2044   0.00     12.00      0.00      0.00      80  sort

# Time        UID       PID    usr-ms system-ms  guest-ms minflt-nr majflt-nr  Command
22:10:28        0     24070        10       180         0         0         0  sort

# Time        UID       PID    %usr %system  %guest   %wait    %CPU   CPU  minflt/s  majflt/s     VSZ     RSS   %MEM   kB_rd/s   kB_wr/s kB_ccwr/s iodelay  Command
22:10:29        0     24070    1.00   17.00    0.00    0.00   18.00    45      0.00      0.00  563864    2044   0.00      4.00      0.00      0.00      80  sort

# Time        UID       PID    usr-ms system-ms  guest-ms minflt-nr majflt-nr  Command
22:10:29        0     24070        10       170         0         0         0  sort

# Time        UID       PID    %usr %system  %guest   %wait    %CPU   CPU  minflt/s  majflt/s     VSZ     RSS   %MEM   kB_rd/s   kB_wr/s kB_ccwr/s iodelay  Command
22:10:30        0     24070    0.00   26.00    0.00    0.00   26.00    45      0.00      0.00  563864    2044   0.00     12.00      0.00      0.00      73  sort

# Time        UID       PID    usr-ms system-ms  guest-ms minflt-nr majflt-nr  Command
22:10:30        0     24070         0       260         0         0         0  sort

# Time        UID       PID    %usr %system  %guest   %wait    %CPU   CPU  minflt/s  majflt/s     VSZ     RSS   %MEM   kB_rd/s   kB_wr/s kB_ccwr/s iodelay  Command
22:10:31        0     24070    0.00   14.00    0.00    0.00   14.00    47      0.00      0.00  563864    2044   0.00      0.00      0.00      0.00      83  sort

# Time        UID       PID    usr-ms system-ms  guest-ms minflt-nr majflt-nr  Command
22:10:31        0     24070         0       140         0         0         0  sort

# Time        UID       PID    %usr %system  %guest   %wait    %CPU   CPU  minflt/s  majflt/s     VSZ     RSS   %MEM   kB_rd/s   kB_wr/s kB_ccwr/s iodelay  Command
22:10:32        0     24070    3.00   14.00    0.00    1.00   17.00     5      0.00      0.00  563864    2044   0.00      8.00      0.00      0.00      81  sort

# Time        UID       PID    usr-ms system-ms  guest-ms minflt-nr majflt-nr  Command
22:10:32        0     24070        30       140         0         0         0  sort

# Time        UID       PID    %usr %system  %guest   %wait    %CPU   CPU  minflt/s  majflt/s     VSZ     RSS   %MEM   kB_rd/s   kB_wr/s kB_ccwr/s iodelay  Command
22:10:33        0     24070    4.00   12.00    0.00    0.00   16.00     7      0.00      0.00  563864    2044   0.00      4.00      0.00      0.00      80  sort

# Time        UID       PID    usr-ms system-ms  guest-ms minflt-nr majflt-nr  Command
22:10:33        0     24070        40       120         0         0         0  sort

# Time        UID       PID    %usr %system  %guest   %wait    %CPU   CPU  minflt/s  majflt/s     VSZ     RSS   %MEM   kB_rd/s   kB_wr/s kB_ccwr/s iodelay  Command
22:10:34        0     24070    2.00   14.00    0.00    0.00   16.00     9      0.00      0.00  563864    2044   0.00      4.00      0.00      0.00      83  sort

# Time        UID       PID    usr-ms system-ms  guest-ms minflt-nr majflt-nr  Command
22:10:34        0     24070        20       140         0         0         0  sort

# Time        UID       PID    %usr %system  %guest   %wait    %CPU   CPU  minflt/s  majflt/s     VSZ     RSS   %MEM   kB_rd/s   kB_wr/s kB_ccwr/s iodelay  Command
22:10:35        0     24070    4.00   14.00    0.00    0.00   18.00     7      0.00      0.00  563864    2044   0.00      4.00      0.00      0.00      80  sort

# Time        UID       PID    usr-ms system-ms  guest-ms minflt-nr majflt-nr  Command
22:10:35        0     24070        40       140         0         0         0  sort

# Time        UID       PID    %usr %system  %guest   %wait    %CPU   CPU  minflt/s  majflt/s     VSZ     RSS   %MEM   kB_rd/s   kB_wr/s kB_ccwr/s iodelay  Command
22:10:36        0     24070    3.00   11.00    0.00    0.00   14.00    11      0.00      0.00  563864    2044   0.00      4.00      0.00      0.00      83  sort

# Time        UID       PID    usr-ms system-ms  guest-ms minflt-nr majflt-nr  Command
22:10:36        0     24070        30       110         0         0         0  sort

# Time        UID       PID    %usr %system  %guest   %wait    %CPU   CPU  minflt/s  majflt/s     VSZ     RSS   %MEM   kB_rd/s   kB_wr/s kB_ccwr/s iodelay  Command
22:10:37        0     24070    4.00   12.00    0.00    0.00   16.00     9      0.00      0.00  563864    2044   0.00      0.00      0.00      0.00      79  sort

# Time        UID       PID    usr-ms system-ms  guest-ms minflt-nr majflt-nr  Command
22:10:37        0     24070        40       120         0         0         0  sort

# Time        UID       PID    %usr %system  %guest   %wait    %CPU   CPU  minflt/s  majflt/s     VSZ     RSS   %MEM   kB_rd/s   kB_wr/s kB_ccwr/s iodelay  Command
22:10:38        0     24070    3.00   13.00    0.00    1.00   16.00    11      0.00      0.00  563864    2044   0.00      4.00      0.00      0.00      82  sort

# Time        UID       PID    usr-ms system-ms  guest-ms minflt-nr majflt-nr  Command
22:10:38        0     24070        30       130         0         0         0  sort

# Time        UID       PID    %usr %system  %guest   %wait    %CPU   CPU  minflt/s  majflt/s     VSZ     RSS   %MEM   kB_rd/s   kB_wr/s kB_ccwr/s iodelay  Command
22:10:39        0     24070    2.00   14.00    0.00    0.00   16.00     9      0.00      0.00  563864    2044   0.00      4.00      0.00      0.00      83  sort

# Time        UID       PID    usr-ms system-ms  guest-ms minflt-nr majflt-nr  Command
22:10:39        0     24070        20       140         0         0         0  sort

# Time        UID       PID    %usr %system  %guest   %wait    %CPU   CPU  minflt/s  majflt/s     VSZ     RSS   %MEM   kB_rd/s   kB_wr/s kB_ccwr/s iodelay  Command
22:10:40        0     24070    1.00   14.00    0.00    0.00   15.00    11      0.00      0.00  563864    2044   0.00      4.00      0.00      0.00      82  sort

# Time        UID       PID    usr-ms system-ms  guest-ms minflt-nr majflt-nr  Command
22:10:40        0     24070        10       140         0         0         0  sort

# Time        UID       PID    %usr %system  %guest   %wait    %CPU   CPU  minflt/s  majflt/s     VSZ     RSS   %MEM   kB_rd/s   kB_wr/s kB_ccwr/s iodelay  Command
22:10:41        0     24070    3.00   13.00    0.00    0.00   16.00     9      0.00      0.00  563864    2044   0.00      0.00      0.00      0.00      80  sort

# Time        UID       PID    usr-ms system-ms  guest-ms minflt-nr majflt-nr  Command
22:10:41        0     24070        30       130         0         0         0  sort

# Time        UID       PID    %usr %system  %guest   %wait    %CPU   CPU  minflt/s  majflt/s     VSZ     RSS   %MEM   kB_rd/s   kB_wr/s kB_ccwr/s iodelay  Command
22:10:42        0     24070    0.00   26.00    0.00    1.00   26.00     9      0.00      0.00  563864    2044   0.00     16.00      0.00      0.00      75  sort

# Time        UID       PID    usr-ms system-ms  guest-ms minflt-nr majflt-nr  Command
22:10:42        0     24070         0       260         0         0         0  sort

# Time        UID       PID    %usr %system  %guest   %wait    %CPU   CPU  minflt/s  majflt/s     VSZ     RSS   %MEM   kB_rd/s   kB_wr/s kB_ccwr/s iodelay  Command
22:10:43        0     24070    3.00   14.00    0.00    0.00   17.00    13      0.00      0.00  563864    2044   0.00      4.00      0.00      0.00      80  sort

# Time        UID       PID    usr-ms system-ms  guest-ms minflt-nr majflt-nr  Command
22:10:43        0     24070        30       140         0         0         0  sort

# Time        UID       PID    %usr %system  %guest   %wait    %CPU   CPU  minflt/s  majflt/s     VSZ     RSS   %MEM   kB_rd/s   kB_wr/s kB_ccwr/s iodelay  Command
22:10:44        0     24070    5.00   11.00    0.00    0.00   16.00     7      0.00      0.00  563864    2044   0.00      0.00      0.00      0.00      81  sort

# Time        UID       PID    usr-ms system-ms  guest-ms minflt-nr majflt-nr  Command
22:10:44        0     24070        50       110         0         0         0  sort

# Time        UID       PID    %usr %system  %guest   %wait    %CPU   CPU  minflt/s  majflt/s     VSZ     RSS   %MEM   kB_rd/s   kB_wr/s kB_ccwr/s iodelay  Command
22:10:45        0     24070    3.00   11.00    0.00    0.00   14.00     7      0.00      0.00  563864    2044   0.00      0.00      0.00      0.00      81  sort

# Time        UID       PID    usr-ms system-ms  guest-ms minflt-nr majflt-nr  Command
22:10:45        0     24070        30       110         0         0         0  sort

# Time        UID       PID    %usr %system  %guest   %wait    %CPU   CPU  minflt/s  majflt/s     VSZ     RSS   %MEM   kB_rd/s   kB_wr/s kB_ccwr/s iodelay  Command

# Time        UID       PID    usr-ms system-ms  guest-ms minflt-nr majflt-nr  Command

real	3m20.038s
user	5m15.307s
sys	1m21.047s
Records: 160000000
Checksum: 4c4a5084cc6403c
Duplicate keys: 0
SUCCESS - all records are in order
