First unordered record is record 2
Records: 10000000
Checksum: 4c48a881c779d5
ERROR - there are 5000808 unordered records
Linux 4.15.0-91-generic (team-9-skylake-5) 	04/13/20 	_x86_64_	(48 CPU)

# Time        UID       PID    %usr %system  %guest   %wait    %CPU   CPU  minflt/s  majflt/s     VSZ     RSS   %MEM   kB_rd/s   kB_wr/s kB_ccwr/s iodelay  Command
21:57:42        0     22304    0.00   70.00    0.00    0.00   70.00    35 108071.00      0.00 9124476  451476   0.23 432384.00      0.00      0.00       0  mysort

# Time        UID       PID    usr-ms system-ms  guest-ms minflt-nr majflt-nr  Command
21:57:42        0     22304         0       700         0    108071         0  mysort

# Time        UID       PID    %usr %system  %guest   %wait    %CPU   CPU  minflt/s  majflt/s     VSZ     RSS   %MEM   kB_rd/s   kB_wr/s kB_ccwr/s iodelay  Command
21:57:43        0     22304    0.00   69.00    0.00    0.00   69.00    35 107446.00      0.00 9124476  880472   0.45 428340.00      0.00      0.00       0  mysort

# Time        UID       PID    usr-ms system-ms  guest-ms minflt-nr majflt-nr  Command
21:57:43        0     22304         0       690         0    107446         0  mysort

# Time        UID       PID    %usr %system  %guest   %wait    %CPU   CPU  minflt/s  majflt/s     VSZ     RSS   %MEM   kB_rd/s   kB_wr/s kB_ccwr/s iodelay  Command
21:57:44        0     22304  100.00   10.00    0.00    0.00  100.00    35  23989.00      0.00 9648764  976040   0.50  92796.00      0.00      0.00       0  mysort

# Time        UID       PID    usr-ms system-ms  guest-ms minflt-nr majflt-nr  Command
21:57:44        0     22304      3710       100         0     23989         0  mysort

# Time        UID       PID    %usr %system  %guest   %wait    %CPU   CPU  minflt/s  majflt/s     VSZ     RSS   %MEM   kB_rd/s   kB_wr/s kB_ccwr/s iodelay  Command
21:57:45        0     22304  100.00   86.00    0.00    0.00  100.00    35  44144.00      0.00 9648764  977344   0.50      0.00 404760.00      0.00       0  mysort

# Time        UID       PID    usr-ms system-ms  guest-ms minflt-nr majflt-nr  Command
21:57:45        0     22304      6220       860         0     44144         0  mysort

# Time        UID       PID    %usr %system  %guest   %wait    %CPU   CPU  minflt/s  majflt/s     VSZ     RSS   %MEM   kB_rd/s   kB_wr/s kB_ccwr/s iodelay  Command

# Time        UID       PID    usr-ms system-ms  guest-ms minflt-nr majflt-nr  Command

real	0m5.070s
user	0m9.935s
sys	0m3.044s
Records: 10000000
Checksum: 4c48a881c779d5
Duplicate keys: 0
SUCCESS - all records are in order
